<?xml version="1.0" encoding="UTF-8"?>
<robot generator="Robot 3.0.4 (Python 3.6.5 on win32)" generated="20200513 21:14:58.480">
<suite id="s1" name="STV Financisto Test Automation" source="C:\Users\DCTRACK\Desktop\Gene\STV_Financisto_Test_Automation">
<suite id="s1-s1" name="FinancistoTest" source="C:\Users\DCTRACK\Desktop\Gene\STV_Financisto_Test_Automation\FinancistoTest">
<suite id="s1-s1-s1" name="Account" source="C:\Users\DCTRACK\Desktop\Gene\STV_Financisto_Test_Automation\FinancistoTest\Account">
<suite id="s1-s1-s1-s1" name="FT-40 Transfer account with complete data" source="C:\Users\DCTRACK\Desktop\Gene\STV_Financisto_Test_Automation\FinancistoTest\Account\FT-40 Transfer account with complete data.robot">
<test id="s1-s1-s1-s1-t1" name="FT-40 Transfer account with complete data">
<kw name="Open Financisto Application" library="Keywords" type="setup">
<kw name="Open Application" library="AppiumLibrary">
<doc>Opens a new application to given Appium server.</doc>
<arguments>
<arg>http://localhost:4723/wd/hub</arg>
<arg>platformName=Android</arg>
<arg>platformVersion=5.1.1</arg>
<arg>deviceName=emulator-5554</arg>
<arg>appPackage=ru.orangesoftware.financisto</arg>
<arg>appActivity=.activity.MainActivity</arg>
</arguments>
<msg timestamp="20200513 21:15:00.688" level="DEBUG">POST http://127.0.0.1:4723/wd/hub/session {"capabilities": {"firstMatch": [{"platformName": "Android", "appium:platformVersion": "5.1.1", "appium:deviceName": "emulator-5554", "appium:appPackage": "ru.orangesoftware.financisto", "appium:appActivity": ".activity.MainActivity"}]}, "desiredCapabilities": {"platformName": "Android", "platformVersion": "5.1.1", "deviceName": "emulator-5554", "appPackage": "ru.orangesoftware.financisto", "appActivity": ".activity.MainActivity"}}</msg>
<msg timestamp="20200513 21:15:00.689" level="DEBUG">Starting new HTTP connection (1): 127.0.0.1</msg>
<msg timestamp="20200513 21:15:06.971" level="DEBUG">http://127.0.0.1:4723 "POST /wd/hub/session HTTP/1.1" 200 727</msg>
<msg timestamp="20200513 21:15:06.972" level="DEBUG">Finished Request</msg>
<msg timestamp="20200513 21:15:06.972" level="DEBUG">Opened application with session id faa4e8c4-ea03-4670-acdc-ad259ead4ad5</msg>
<status status="PASS" starttime="20200513 21:14:58.661" endtime="20200513 21:15:06.973"></status>
</kw>
<kw name="Click Element After It Is Visible" library="Keywords">
<arguments>
<arg>android:id/button1</arg>
</arguments>
<kw name="Wait Until Element Is Visible On Page" library="Keywords">
<arguments>
<arg>${locator}</arg>
</arguments>
<kw name="Wait Until Page Contains Element" library="AppiumLibrary">
<doc>Waits until element specified with `locator` appears on current page.</doc>
<arguments>
<arg>${locator}</arg>
<arg>timeout=3s</arg>
<arg>error=Element should be visible.</arg>
</arguments>
<msg timestamp="20200513 21:15:06.976" level="DEBUG">POST http://127.0.0.1:4723/wd/hub/session/faa4e8c4-ea03-4670-acdc-ad259ead4ad5/elements {"using": "id", "value": "android:id/button1", "sessionId": "faa4e8c4-ea03-4670-acdc-ad259ead4ad5"}</msg>
<msg timestamp="20200513 21:15:08.212" level="DEBUG">http://127.0.0.1:4723 "POST /wd/hub/session/faa4e8c4-ea03-4670-acdc-ad259ead4ad5/elements HTTP/1.1" 200 55</msg>
<msg timestamp="20200513 21:15:08.213" level="DEBUG">Finished Request</msg>
<status status="PASS" starttime="20200513 21:15:06.975" endtime="20200513 21:15:08.213"></status>
</kw>
<kw name="Wait Until Element Is Visible" library="AppiumLibrary">
<doc>Waits until element specified with `locator` is visible.</doc>
<arguments>
<arg>${locator}</arg>
<arg>timeout=3s</arg>
<arg>error=Element should be visible.</arg>
</arguments>
<msg timestamp="20200513 21:15:08.214" level="DEBUG">POST http://127.0.0.1:4723/wd/hub/session/faa4e8c4-ea03-4670-acdc-ad259ead4ad5/elements {"using": "id", "value": "android:id/button1", "sessionId": "faa4e8c4-ea03-4670-acdc-ad259ead4ad5"}</msg>
<msg timestamp="20200513 21:15:08.852" level="DEBUG">http://127.0.0.1:4723 "POST /wd/hub/session/faa4e8c4-ea03-4670-acdc-ad259ead4ad5/elements HTTP/1.1" 200 55</msg>
<msg timestamp="20200513 21:15:08.852" level="DEBUG">Finished Request</msg>
<msg timestamp="20200513 21:15:08.853" level="DEBUG">GET http://127.0.0.1:4723/wd/hub/session/faa4e8c4-ea03-4670-acdc-ad259ead4ad5/element/2/displayed {"id": "2", "sessionId": "faa4e8c4-ea03-4670-acdc-ad259ead4ad5"}</msg>
<msg timestamp="20200513 21:15:09.063" level="DEBUG">http://127.0.0.1:4723 "GET /wd/hub/session/faa4e8c4-ea03-4670-acdc-ad259ead4ad5/element/2/displayed HTTP/1.1" 200 14</msg>
<msg timestamp="20200513 21:15:09.063" level="DEBUG">Finished Request</msg>
<status status="PASS" starttime="20200513 21:15:08.214" endtime="20200513 21:15:09.064"></status>
</kw>
<status status="PASS" starttime="20200513 21:15:06.974" endtime="20200513 21:15:09.064"></status>
</kw>
<kw name="Click Element" library="AppiumLibrary">
<doc>Click element identified by `locator`.</doc>
<arguments>
<arg>${locator}</arg>
</arguments>
<msg timestamp="20200513 21:15:09.065" level="INFO">Clicking element 'android:id/button1'.</msg>
<msg timestamp="20200513 21:15:09.066" level="DEBUG">POST http://127.0.0.1:4723/wd/hub/session/faa4e8c4-ea03-4670-acdc-ad259ead4ad5/elements {"using": "id", "value": "android:id/button1", "sessionId": "faa4e8c4-ea03-4670-acdc-ad259ead4ad5"}</msg>
<msg timestamp="20200513 21:15:09.138" level="DEBUG">http://127.0.0.1:4723 "POST /wd/hub/session/faa4e8c4-ea03-4670-acdc-ad259ead4ad5/elements HTTP/1.1" 200 55</msg>
<msg timestamp="20200513 21:15:09.139" level="DEBUG">Finished Request</msg>
<msg timestamp="20200513 21:15:09.139" level="DEBUG">POST http://127.0.0.1:4723/wd/hub/session/faa4e8c4-ea03-4670-acdc-ad259ead4ad5/element/3/click {"id": "3", "sessionId": "faa4e8c4-ea03-4670-acdc-ad259ead4ad5"}</msg>
<msg timestamp="20200513 21:15:12.476" level="DEBUG">http://127.0.0.1:4723 "POST /wd/hub/session/faa4e8c4-ea03-4670-acdc-ad259ead4ad5/element/3/click HTTP/1.1" 200 14</msg>
<msg timestamp="20200513 21:15:12.477" level="DEBUG">Finished Request</msg>
<status status="PASS" starttime="20200513 21:15:09.065" endtime="20200513 21:15:12.477"></status>
</kw>
<status status="PASS" starttime="20200513 21:15:06.973" endtime="20200513 21:15:12.478"></status>
</kw>
<status status="PASS" starttime="20200513 21:14:58.660" endtime="20200513 21:15:12.478"></status>
</kw>
<kw name="Create A New Account" library="Keywords">
<arguments>
<arg>accountForTest</arg>
</arguments>
<kw name="Click Element After It Is Visible" library="Keywords">
<arguments>
<arg>//*[@resource-id="ru.orangesoftware.financisto:id/bAdd"]</arg>
</arguments>
<kw name="Wait Until Element Is Visible On Page" library="Keywords">
<arguments>
<arg>${locator}</arg>
</arguments>
<kw name="Wait Until Page Contains Element" library="AppiumLibrary">
<doc>Waits until element specified with `locator` appears on current page.</doc>
<arguments>
<arg>${locator}</arg>
<arg>timeout=3s</arg>
<arg>error=Element should be visible.</arg>
</arguments>
<msg timestamp="20200513 21:15:12.481" level="DEBUG">POST http://127.0.0.1:4723/wd/hub/session/faa4e8c4-ea03-4670-acdc-ad259ead4ad5/elements {"using": "xpath", "value": "//*[@resource-id=\"ru.orangesoftware.financisto:id/bAdd\"]", "sessionId": "faa4e8c4-ea03-4670-acdc-ad259ead4ad5"}</msg>
<msg timestamp="20200513 21:15:12.545" level="DEBUG">http://127.0.0.1:4723 "POST /wd/hub/session/faa4e8c4-ea03-4670-acdc-ad259ead4ad5/elements HTTP/1.1" 200 55</msg>
<msg timestamp="20200513 21:15:12.546" level="DEBUG">Finished Request</msg>
<status status="PASS" starttime="20200513 21:15:12.480" endtime="20200513 21:15:12.546"></status>
</kw>
<kw name="Wait Until Element Is Visible" library="AppiumLibrary">
<doc>Waits until element specified with `locator` is visible.</doc>
<arguments>
<arg>${locator}</arg>
<arg>timeout=3s</arg>
<arg>error=Element should be visible.</arg>
</arguments>
<msg timestamp="20200513 21:15:12.547" level="DEBUG">POST http://127.0.0.1:4723/wd/hub/session/faa4e8c4-ea03-4670-acdc-ad259ead4ad5/elements {"using": "xpath", "value": "//*[@resource-id=\"ru.orangesoftware.financisto:id/bAdd\"]", "sessionId": "faa4e8c4-ea03-4670-acdc-ad259ead4ad5"}</msg>
<msg timestamp="20200513 21:15:12.575" level="DEBUG">http://127.0.0.1:4723 "POST /wd/hub/session/faa4e8c4-ea03-4670-acdc-ad259ead4ad5/elements HTTP/1.1" 200 55</msg>
<msg timestamp="20200513 21:15:12.576" level="DEBUG">Finished Request</msg>
<msg timestamp="20200513 21:15:12.576" level="DEBUG">GET http://127.0.0.1:4723/wd/hub/session/faa4e8c4-ea03-4670-acdc-ad259ead4ad5/element/5/displayed {"id": "5", "sessionId": "faa4e8c4-ea03-4670-acdc-ad259ead4ad5"}</msg>
<msg timestamp="20200513 21:15:12.613" level="DEBUG">http://127.0.0.1:4723 "GET /wd/hub/session/faa4e8c4-ea03-4670-acdc-ad259ead4ad5/element/5/displayed HTTP/1.1" 200 14</msg>
<msg timestamp="20200513 21:15:12.614" level="DEBUG">Finished Request</msg>
<status status="PASS" starttime="20200513 21:15:12.547" endtime="20200513 21:15:12.614"></status>
</kw>
<status status="PASS" starttime="20200513 21:15:12.480" endtime="20200513 21:15:12.614"></status>
</kw>
<kw name="Click Element" library="AppiumLibrary">
<doc>Click element identified by `locator`.</doc>
<arguments>
<arg>${locator}</arg>
</arguments>
<msg timestamp="20200513 21:15:12.615" level="INFO">Clicking element '//*[@resource-id="ru.orangesoftware.financisto:id/bAdd"]'.</msg>
<msg timestamp="20200513 21:15:12.615" level="DEBUG">POST http://127.0.0.1:4723/wd/hub/session/faa4e8c4-ea03-4670-acdc-ad259ead4ad5/elements {"using": "xpath", "value": "//*[@resource-id=\"ru.orangesoftware.financisto:id/bAdd\"]", "sessionId": "faa4e8c4-ea03-4670-acdc-ad259ead4ad5"}</msg>
<msg timestamp="20200513 21:15:12.647" level="DEBUG">http://127.0.0.1:4723 "POST /wd/hub/session/faa4e8c4-ea03-4670-acdc-ad259ead4ad5/elements HTTP/1.1" 200 55</msg>
<msg timestamp="20200513 21:15:12.647" level="DEBUG">Finished Request</msg>
<msg timestamp="20200513 21:15:12.647" level="DEBUG">POST http://127.0.0.1:4723/wd/hub/session/faa4e8c4-ea03-4670-acdc-ad259ead4ad5/element/6/click {"id": "6", "sessionId": "faa4e8c4-ea03-4670-acdc-ad259ead4ad5"}</msg>
<msg timestamp="20200513 21:15:13.523" level="DEBUG">http://127.0.0.1:4723 "POST /wd/hub/session/faa4e8c4-ea03-4670-acdc-ad259ead4ad5/element/6/click HTTP/1.1" 200 14</msg>
<msg timestamp="20200513 21:15:13.524" level="DEBUG">Finished Request</msg>
<status status="PASS" starttime="20200513 21:15:12.614" endtime="20200513 21:15:13.524"></status>
</kw>
<status status="PASS" starttime="20200513 21:15:12.479" endtime="20200513 21:15:13.524"></status>
</kw>
<kw name="Input Text After It Is Visible" library="Keywords">
<arguments>
<arg>//android.widget.ScrollView/android.widget.LinearLayout[1]/android.widget.LinearLayout[2]/android.widget.RelativeLayout[1]/android.widget.EditText[1]</arg>
<arg>${accountName}</arg>
</arguments>
<kw name="Wait Until Element Is Visible On Page" library="Keywords">
<arguments>
<arg>${locator}</arg>
</arguments>
<kw name="Wait Until Page Contains Element" library="AppiumLibrary">
<doc>Waits until element specified with `locator` appears on current page.</doc>
<arguments>
<arg>${locator}</arg>
<arg>timeout=3s</arg>
<arg>error=Element should be visible.</arg>
</arguments>
<msg timestamp="20200513 21:15:13.527" level="DEBUG">POST http://127.0.0.1:4723/wd/hub/session/faa4e8c4-ea03-4670-acdc-ad259ead4ad5/elements {"using": "xpath", "value": "//android.widget.ScrollView/android.widget.LinearLayout[1]/android.widget.LinearLayout[2]/android.widget.RelativeLayout[1]/android.widget.EditText[1]", "sessionId": "faa4e8c4-ea03-4670-acdc-ad259ead4ad5"}</msg>
<msg timestamp="20200513 21:15:14.374" level="DEBUG">http://127.0.0.1:4723 "POST /wd/hub/session/faa4e8c4-ea03-4670-acdc-ad259ead4ad5/elements HTTP/1.1" 200 55</msg>
<msg timestamp="20200513 21:15:14.375" level="DEBUG">Finished Request</msg>
<status status="PASS" starttime="20200513 21:15:13.526" endtime="20200513 21:15:14.376"></status>
</kw>
<kw name="Wait Until Element Is Visible" library="AppiumLibrary">
<doc>Waits until element specified with `locator` is visible.</doc>
<arguments>
<arg>${locator}</arg>
<arg>timeout=3s</arg>
<arg>error=Element should be visible.</arg>
</arguments>
<msg timestamp="20200513 21:15:14.378" level="DEBUG">POST http://127.0.0.1:4723/wd/hub/session/faa4e8c4-ea03-4670-acdc-ad259ead4ad5/elements {"using": "xpath", "value": "//android.widget.ScrollView/android.widget.LinearLayout[1]/android.widget.LinearLayout[2]/android.widget.RelativeLayout[1]/android.widget.EditText[1]", "sessionId": "faa4e8c4-ea03-4670-acdc-ad259ead4ad5"}</msg>
<msg timestamp="20200513 21:15:14.677" level="DEBUG">http://127.0.0.1:4723 "POST /wd/hub/session/faa4e8c4-ea03-4670-acdc-ad259ead4ad5/elements HTTP/1.1" 200 55</msg>
<msg timestamp="20200513 21:15:14.678" level="DEBUG">Finished Request</msg>
<msg timestamp="20200513 21:15:14.678" level="DEBUG">GET http://127.0.0.1:4723/wd/hub/session/faa4e8c4-ea03-4670-acdc-ad259ead4ad5/element/8/displayed {"id": "8", "sessionId": "faa4e8c4-ea03-4670-acdc-ad259ead4ad5"}</msg>
<msg timestamp="20200513 21:15:14.707" level="DEBUG">http://127.0.0.1:4723 "GET /wd/hub/session/faa4e8c4-ea03-4670-acdc-ad259ead4ad5/element/8/displayed HTTP/1.1" 200 14</msg>
<msg timestamp="20200513 21:15:14.707" level="DEBUG">Finished Request</msg>
<status status="PASS" starttime="20200513 21:15:14.377" endtime="20200513 21:15:14.708"></status>
</kw>
<status status="PASS" starttime="20200513 21:15:13.525" endtime="20200513 21:15:14.708"></status>
</kw>
<kw name="Input Text" library="AppiumLibrary">
<doc>Types the given `text` into text field identified by `locator`.</doc>
<arguments>
<arg>${locator}</arg>
<arg>${text}</arg>
</arguments>
<msg timestamp="20200513 21:15:14.709" level="INFO">Typing text 'accountForTest' into text field '//android.widget.ScrollView/android.widget.LinearLayout[1]/android.widget.LinearLayout[2]/android.widget.RelativeLayout[1]/android.widget.EditText[1]'</msg>
<msg timestamp="20200513 21:15:14.710" level="DEBUG">POST http://127.0.0.1:4723/wd/hub/session/faa4e8c4-ea03-4670-acdc-ad259ead4ad5/elements {"using": "xpath", "value": "//android.widget.ScrollView/android.widget.LinearLayout[1]/android.widget.LinearLayout[2]/android.widget.RelativeLayout[1]/android.widget.EditText[1]", "sessionId": "faa4e8c4-ea03-4670-acdc-ad259ead4ad5"}</msg>
<msg timestamp="20200513 21:15:14.746" level="DEBUG">http://127.0.0.1:4723 "POST /wd/hub/session/faa4e8c4-ea03-4670-acdc-ad259ead4ad5/elements HTTP/1.1" 200 55</msg>
<msg timestamp="20200513 21:15:14.747" level="DEBUG">Finished Request</msg>
<msg timestamp="20200513 21:15:14.748" level="DEBUG">POST http://127.0.0.1:4723/wd/hub/session/faa4e8c4-ea03-4670-acdc-ad259ead4ad5/element/9/value {"text": "accountForTest", "value": ["a", "c", "c", "o", "u", "n", "t", "F", "o", "r", "T", "e", "s", "t"], "id": "9", "sessionId": "faa4e8c4-ea03-4670-acdc-ad259ead4ad5"}</msg>
<msg timestamp="20200513 21:15:19.589" level="DEBUG">http://127.0.0.1:4723 "POST /wd/hub/session/faa4e8c4-ea03-4670-acdc-ad259ead4ad5/element/9/value HTTP/1.1" 200 14</msg>
<msg timestamp="20200513 21:15:19.590" level="DEBUG">Finished Request</msg>
<status status="PASS" starttime="20200513 21:15:14.709" endtime="20200513 21:15:19.590"></status>
</kw>
<status status="PASS" starttime="20200513 21:15:13.525" endtime="20200513 21:15:19.591"></status>
</kw>
<kw name="Wait Until Element Is Visible On Page" library="Keywords">
<arguments>
<arg>//android.widget.ScrollView/android.widget.LinearLayout[1]/android.widget.LinearLayout[2]/android.widget.RelativeLayout[1]/android.widget.EditText[1]</arg>
</arguments>
<kw name="Wait Until Page Contains Element" library="AppiumLibrary">
<doc>Waits until element specified with `locator` appears on current page.</doc>
<arguments>
<arg>${locator}</arg>
<arg>timeout=3s</arg>
<arg>error=Element should be visible.</arg>
</arguments>
<msg timestamp="20200513 21:15:19.595" level="DEBUG">POST http://127.0.0.1:4723/wd/hub/session/faa4e8c4-ea03-4670-acdc-ad259ead4ad5/elements {"using": "xpath", "value": "//android.widget.ScrollView/android.widget.LinearLayout[1]/android.widget.LinearLayout[2]/android.widget.RelativeLayout[1]/android.widget.EditText[1]", "sessionId": "faa4e8c4-ea03-4670-acdc-ad259ead4ad5"}</msg>
<msg timestamp="20200513 21:15:20.099" level="DEBUG">http://127.0.0.1:4723 "POST /wd/hub/session/faa4e8c4-ea03-4670-acdc-ad259ead4ad5/elements HTTP/1.1" 200 56</msg>
<msg timestamp="20200513 21:15:20.100" level="DEBUG">Finished Request</msg>
<status status="PASS" starttime="20200513 21:15:19.593" endtime="20200513 21:15:20.101"></status>
</kw>
<kw name="Wait Until Element Is Visible" library="AppiumLibrary">
<doc>Waits until element specified with `locator` is visible.</doc>
<arguments>
<arg>${locator}</arg>
<arg>timeout=3s</arg>
<arg>error=Element should be visible.</arg>
</arguments>
<msg timestamp="20200513 21:15:20.103" level="DEBUG">POST http://127.0.0.1:4723/wd/hub/session/faa4e8c4-ea03-4670-acdc-ad259ead4ad5/elements {"using": "xpath", "value": "//android.widget.ScrollView/android.widget.LinearLayout[1]/android.widget.LinearLayout[2]/android.widget.RelativeLayout[1]/android.widget.EditText[1]", "sessionId": "faa4e8c4-ea03-4670-acdc-ad259ead4ad5"}</msg>
<msg timestamp="20200513 21:15:20.439" level="DEBUG">http://127.0.0.1:4723 "POST /wd/hub/session/faa4e8c4-ea03-4670-acdc-ad259ead4ad5/elements HTTP/1.1" 200 56</msg>
<msg timestamp="20200513 21:15:20.439" level="DEBUG">Finished Request</msg>
<msg timestamp="20200513 21:15:20.440" level="DEBUG">GET http://127.0.0.1:4723/wd/hub/session/faa4e8c4-ea03-4670-acdc-ad259ead4ad5/element/11/displayed {"id": "11", "sessionId": "faa4e8c4-ea03-4670-acdc-ad259ead4ad5"}</msg>
<msg timestamp="20200513 21:15:20.451" level="DEBUG">http://127.0.0.1:4723 "GET /wd/hub/session/faa4e8c4-ea03-4670-acdc-ad259ead4ad5/element/11/displayed HTTP/1.1" 200 14</msg>
<msg timestamp="20200513 21:15:20.451" level="DEBUG">Finished Request</msg>
<status status="PASS" starttime="20200513 21:15:20.102" endtime="20200513 21:15:20.452"></status>
</kw>
<status status="PASS" starttime="20200513 21:15:19.591" endtime="20200513 21:15:20.452"></status>
</kw>
<kw name="Click Element After It Is Visible" library="Keywords">
<arguments>
<arg>//*[@resource-id="ru.orangesoftware.financisto:id/currency_add"]</arg>
</arguments>
<kw name="Wait Until Element Is Visible On Page" library="Keywords">
<arguments>
<arg>${locator}</arg>
</arguments>
<kw name="Wait Until Page Contains Element" library="AppiumLibrary">
<doc>Waits until element specified with `locator` appears on current page.</doc>
<arguments>
<arg>${locator}</arg>
<arg>timeout=3s</arg>
<arg>error=Element should be visible.</arg>
</arguments>
<msg timestamp="20200513 21:15:20.454" level="DEBUG">POST http://127.0.0.1:4723/wd/hub/session/faa4e8c4-ea03-4670-acdc-ad259ead4ad5/elements {"using": "xpath", "value": "//*[@resource-id=\"ru.orangesoftware.financisto:id/currency_add\"]", "sessionId": "faa4e8c4-ea03-4670-acdc-ad259ead4ad5"}</msg>
<msg timestamp="20200513 21:15:20.514" level="DEBUG">http://127.0.0.1:4723 "POST /wd/hub/session/faa4e8c4-ea03-4670-acdc-ad259ead4ad5/elements HTTP/1.1" 200 56</msg>
<msg timestamp="20200513 21:15:20.514" level="DEBUG">Finished Request</msg>
<status status="PASS" starttime="20200513 21:15:20.453" endtime="20200513 21:15:20.514"></status>
</kw>
<kw name="Wait Until Element Is Visible" library="AppiumLibrary">
<doc>Waits until element specified with `locator` is visible.</doc>
<arguments>
<arg>${locator}</arg>
<arg>timeout=3s</arg>
<arg>error=Element should be visible.</arg>
</arguments>
<msg timestamp="20200513 21:15:20.515" level="DEBUG">POST http://127.0.0.1:4723/wd/hub/session/faa4e8c4-ea03-4670-acdc-ad259ead4ad5/elements {"using": "xpath", "value": "//*[@resource-id=\"ru.orangesoftware.financisto:id/currency_add\"]", "sessionId": "faa4e8c4-ea03-4670-acdc-ad259ead4ad5"}</msg>
<msg timestamp="20200513 21:15:20.548" level="DEBUG">http://127.0.0.1:4723 "POST /wd/hub/session/faa4e8c4-ea03-4670-acdc-ad259ead4ad5/elements HTTP/1.1" 200 56</msg>
<msg timestamp="20200513 21:15:20.549" level="DEBUG">Finished Request</msg>
<msg timestamp="20200513 21:15:20.549" level="DEBUG">GET http://127.0.0.1:4723/wd/hub/session/faa4e8c4-ea03-4670-acdc-ad259ead4ad5/element/13/displayed {"id": "13", "sessionId": "faa4e8c4-ea03-4670-acdc-ad259ead4ad5"}</msg>
<msg timestamp="20200513 21:15:20.561" level="DEBUG">http://127.0.0.1:4723 "GET /wd/hub/session/faa4e8c4-ea03-4670-acdc-ad259ead4ad5/element/13/displayed HTTP/1.1" 200 14</msg>
<msg timestamp="20200513 21:15:20.561" level="DEBUG">Finished Request</msg>
<status status="PASS" starttime="20200513 21:15:20.515" endtime="20200513 21:15:20.561"></status>
</kw>
<status status="PASS" starttime="20200513 21:15:20.453" endtime="20200513 21:15:20.562"></status>
</kw>
<kw name="Click Element" library="AppiumLibrary">
<doc>Click element identified by `locator`.</doc>
<arguments>
<arg>${locator}</arg>
</arguments>
<msg timestamp="20200513 21:15:20.562" level="INFO">Clicking element '//*[@resource-id="ru.orangesoftware.financisto:id/currency_add"]'.</msg>
<msg timestamp="20200513 21:15:20.563" level="DEBUG">POST http://127.0.0.1:4723/wd/hub/session/faa4e8c4-ea03-4670-acdc-ad259ead4ad5/elements {"using": "xpath", "value": "//*[@resource-id=\"ru.orangesoftware.financisto:id/currency_add\"]", "sessionId": "faa4e8c4-ea03-4670-acdc-ad259ead4ad5"}</msg>
<msg timestamp="20200513 21:15:20.621" level="DEBUG">http://127.0.0.1:4723 "POST /wd/hub/session/faa4e8c4-ea03-4670-acdc-ad259ead4ad5/elements HTTP/1.1" 200 56</msg>
<msg timestamp="20200513 21:15:20.621" level="DEBUG">Finished Request</msg>
<msg timestamp="20200513 21:15:20.621" level="DEBUG">POST http://127.0.0.1:4723/wd/hub/session/faa4e8c4-ea03-4670-acdc-ad259ead4ad5/element/14/click {"id": "14", "sessionId": "faa4e8c4-ea03-4670-acdc-ad259ead4ad5"}</msg>
<msg timestamp="20200513 21:15:20.990" level="DEBUG">http://127.0.0.1:4723 "POST /wd/hub/session/faa4e8c4-ea03-4670-acdc-ad259ead4ad5/element/14/click HTTP/1.1" 200 14</msg>
<msg timestamp="20200513 21:15:20.991" level="DEBUG">Finished Request</msg>
<status status="PASS" starttime="20200513 21:15:20.562" endtime="20200513 21:15:20.992"></status>
</kw>
<status status="PASS" starttime="20200513 21:15:20.452" endtime="20200513 21:15:20.993"></status>
</kw>
<kw name="Wait Until Element Is Visible On Page" library="Keywords">
<arguments>
<arg>//*[@resource-id="android:id/select_dialog_listview"]</arg>
</arguments>
<kw name="Wait Until Page Contains Element" library="AppiumLibrary">
<doc>Waits until element specified with `locator` appears on current page.</doc>
<arguments>
<arg>${locator}</arg>
<arg>timeout=3s</arg>
<arg>error=Element should be visible.</arg>
</arguments>
<msg timestamp="20200513 21:15:20.994" level="DEBUG">POST http://127.0.0.1:4723/wd/hub/session/faa4e8c4-ea03-4670-acdc-ad259ead4ad5/elements {"using": "xpath", "value": "//*[@resource-id=\"android:id/select_dialog_listview\"]", "sessionId": "faa4e8c4-ea03-4670-acdc-ad259ead4ad5"}</msg>
<msg timestamp="20200513 21:15:21.685" level="DEBUG">http://127.0.0.1:4723 "POST /wd/hub/session/faa4e8c4-ea03-4670-acdc-ad259ead4ad5/elements HTTP/1.1" 200 56</msg>
<msg timestamp="20200513 21:15:21.686" level="DEBUG">Finished Request</msg>
<status status="PASS" starttime="20200513 21:15:20.994" endtime="20200513 21:15:21.687"></status>
</kw>
<kw name="Wait Until Element Is Visible" library="AppiumLibrary">
<doc>Waits until element specified with `locator` is visible.</doc>
<arguments>
<arg>${locator}</arg>
<arg>timeout=3s</arg>
<arg>error=Element should be visible.</arg>
</arguments>
<msg timestamp="20200513 21:15:21.689" level="DEBUG">POST http://127.0.0.1:4723/wd/hub/session/faa4e8c4-ea03-4670-acdc-ad259ead4ad5/elements {"using": "xpath", "value": "//*[@resource-id=\"android:id/select_dialog_listview\"]", "sessionId": "faa4e8c4-ea03-4670-acdc-ad259ead4ad5"}</msg>
<msg timestamp="20200513 21:15:21.791" level="DEBUG">http://127.0.0.1:4723 "POST /wd/hub/session/faa4e8c4-ea03-4670-acdc-ad259ead4ad5/elements HTTP/1.1" 200 56</msg>
<msg timestamp="20200513 21:15:21.791" level="DEBUG">Finished Request</msg>
<msg timestamp="20200513 21:15:21.792" level="DEBUG">GET http://127.0.0.1:4723/wd/hub/session/faa4e8c4-ea03-4670-acdc-ad259ead4ad5/element/16/displayed {"id": "16", "sessionId": "faa4e8c4-ea03-4670-acdc-ad259ead4ad5"}</msg>
<msg timestamp="20200513 21:15:21.803" level="DEBUG">http://127.0.0.1:4723 "GET /wd/hub/session/faa4e8c4-ea03-4670-acdc-ad259ead4ad5/element/16/displayed HTTP/1.1" 200 14</msg>
<msg timestamp="20200513 21:15:21.803" level="DEBUG">Finished Request</msg>
<status status="PASS" starttime="20200513 21:15:21.688" endtime="20200513 21:15:21.804"></status>
</kw>
<status status="PASS" starttime="20200513 21:15:20.993" endtime="20200513 21:15:21.804"></status>
</kw>
<kw name="Click Element After It Is Visible" library="Keywords">
<arguments>
<arg>//*[@text="AED (United Arab Emirates dirham)"]</arg>
</arguments>
<kw name="Wait Until Element Is Visible On Page" library="Keywords">
<arguments>
<arg>${locator}</arg>
</arguments>
<kw name="Wait Until Page Contains Element" library="AppiumLibrary">
<doc>Waits until element specified with `locator` appears on current page.</doc>
<arguments>
<arg>${locator}</arg>
<arg>timeout=3s</arg>
<arg>error=Element should be visible.</arg>
</arguments>
<msg timestamp="20200513 21:15:21.806" level="DEBUG">POST http://127.0.0.1:4723/wd/hub/session/faa4e8c4-ea03-4670-acdc-ad259ead4ad5/elements {"using": "xpath", "value": "//*[@text=\"AED (United Arab Emirates dirham)\"]", "sessionId": "faa4e8c4-ea03-4670-acdc-ad259ead4ad5"}</msg>
<msg timestamp="20200513 21:15:21.890" level="DEBUG">http://127.0.0.1:4723 "POST /wd/hub/session/faa4e8c4-ea03-4670-acdc-ad259ead4ad5/elements HTTP/1.1" 200 56</msg>
<msg timestamp="20200513 21:15:21.890" level="DEBUG">Finished Request</msg>
<status status="PASS" starttime="20200513 21:15:21.806" endtime="20200513 21:15:21.891"></status>
</kw>
<kw name="Wait Until Element Is Visible" library="AppiumLibrary">
<doc>Waits until element specified with `locator` is visible.</doc>
<arguments>
<arg>${locator}</arg>
<arg>timeout=3s</arg>
<arg>error=Element should be visible.</arg>
</arguments>
<msg timestamp="20200513 21:15:21.891" level="DEBUG">POST http://127.0.0.1:4723/wd/hub/session/faa4e8c4-ea03-4670-acdc-ad259ead4ad5/elements {"using": "xpath", "value": "//*[@text=\"AED (United Arab Emirates dirham)\"]", "sessionId": "faa4e8c4-ea03-4670-acdc-ad259ead4ad5"}</msg>
<msg timestamp="20200513 21:15:21.932" level="DEBUG">http://127.0.0.1:4723 "POST /wd/hub/session/faa4e8c4-ea03-4670-acdc-ad259ead4ad5/elements HTTP/1.1" 200 56</msg>
<msg timestamp="20200513 21:15:21.933" level="DEBUG">Finished Request</msg>
<msg timestamp="20200513 21:15:21.933" level="DEBUG">GET http://127.0.0.1:4723/wd/hub/session/faa4e8c4-ea03-4670-acdc-ad259ead4ad5/element/18/displayed {"id": "18", "sessionId": "faa4e8c4-ea03-4670-acdc-ad259ead4ad5"}</msg>
<msg timestamp="20200513 21:15:21.942" level="DEBUG">http://127.0.0.1:4723 "GET /wd/hub/session/faa4e8c4-ea03-4670-acdc-ad259ead4ad5/element/18/displayed HTTP/1.1" 200 14</msg>
<msg timestamp="20200513 21:15:21.943" level="DEBUG">Finished Request</msg>
<status status="PASS" starttime="20200513 21:15:21.891" endtime="20200513 21:15:21.943"></status>
</kw>
<status status="PASS" starttime="20200513 21:15:21.805" endtime="20200513 21:15:21.944"></status>
</kw>
<kw name="Click Element" library="AppiumLibrary">
<doc>Click element identified by `locator`.</doc>
<arguments>
<arg>${locator}</arg>
</arguments>
<msg timestamp="20200513 21:15:21.945" level="INFO">Clicking element '//*[@text="AED (United Arab Emirates dirham)"]'.</msg>
<msg timestamp="20200513 21:15:21.945" level="DEBUG">POST http://127.0.0.1:4723/wd/hub/session/faa4e8c4-ea03-4670-acdc-ad259ead4ad5/elements {"using": "xpath", "value": "//*[@text=\"AED (United Arab Emirates dirham)\"]", "sessionId": "faa4e8c4-ea03-4670-acdc-ad259ead4ad5"}</msg>
<msg timestamp="20200513 21:15:21.969" level="DEBUG">http://127.0.0.1:4723 "POST /wd/hub/session/faa4e8c4-ea03-4670-acdc-ad259ead4ad5/elements HTTP/1.1" 200 56</msg>
<msg timestamp="20200513 21:15:21.970" level="DEBUG">Finished Request</msg>
<msg timestamp="20200513 21:15:21.970" level="DEBUG">POST http://127.0.0.1:4723/wd/hub/session/faa4e8c4-ea03-4670-acdc-ad259ead4ad5/element/19/click {"id": "19", "sessionId": "faa4e8c4-ea03-4670-acdc-ad259ead4ad5"}</msg>
<msg timestamp="20200513 21:15:22.199" level="DEBUG">http://127.0.0.1:4723 "POST /wd/hub/session/faa4e8c4-ea03-4670-acdc-ad259ead4ad5/element/19/click HTTP/1.1" 200 14</msg>
<msg timestamp="20200513 21:15:22.200" level="DEBUG">Finished Request</msg>
<status status="PASS" starttime="20200513 21:15:21.944" endtime="20200513 21:15:22.200"></status>
</kw>
<status status="PASS" starttime="20200513 21:15:21.804" endtime="20200513 21:15:22.200"></status>
</kw>
<kw name="Click Element After It Is Visible" library="Keywords">
<arguments>
<arg>//*[@resource-id="android:id/button1"]</arg>
</arguments>
<kw name="Wait Until Element Is Visible On Page" library="Keywords">
<arguments>
<arg>${locator}</arg>
</arguments>
<kw name="Wait Until Page Contains Element" library="AppiumLibrary">
<doc>Waits until element specified with `locator` appears on current page.</doc>
<arguments>
<arg>${locator}</arg>
<arg>timeout=3s</arg>
<arg>error=Element should be visible.</arg>
</arguments>
<msg timestamp="20200513 21:15:22.202" level="DEBUG">POST http://127.0.0.1:4723/wd/hub/session/faa4e8c4-ea03-4670-acdc-ad259ead4ad5/elements {"using": "xpath", "value": "//*[@resource-id=\"android:id/button1\"]", "sessionId": "faa4e8c4-ea03-4670-acdc-ad259ead4ad5"}</msg>
<msg timestamp="20200513 21:15:22.777" level="DEBUG">http://127.0.0.1:4723 "POST /wd/hub/session/faa4e8c4-ea03-4670-acdc-ad259ead4ad5/elements HTTP/1.1" 200 56</msg>
<msg timestamp="20200513 21:15:22.778" level="DEBUG">Finished Request</msg>
<status status="PASS" starttime="20200513 21:15:22.201" endtime="20200513 21:15:22.778"></status>
</kw>
<kw name="Wait Until Element Is Visible" library="AppiumLibrary">
<doc>Waits until element specified with `locator` is visible.</doc>
<arguments>
<arg>${locator}</arg>
<arg>timeout=3s</arg>
<arg>error=Element should be visible.</arg>
</arguments>
<msg timestamp="20200513 21:15:22.780" level="DEBUG">POST http://127.0.0.1:4723/wd/hub/session/faa4e8c4-ea03-4670-acdc-ad259ead4ad5/elements {"using": "xpath", "value": "//*[@resource-id=\"android:id/button1\"]", "sessionId": "faa4e8c4-ea03-4670-acdc-ad259ead4ad5"}</msg>
<msg timestamp="20200513 21:15:22.850" level="DEBUG">http://127.0.0.1:4723 "POST /wd/hub/session/faa4e8c4-ea03-4670-acdc-ad259ead4ad5/elements HTTP/1.1" 200 56</msg>
<msg timestamp="20200513 21:15:22.851" level="DEBUG">Finished Request</msg>
<msg timestamp="20200513 21:15:22.851" level="DEBUG">GET http://127.0.0.1:4723/wd/hub/session/faa4e8c4-ea03-4670-acdc-ad259ead4ad5/element/21/displayed {"id": "21", "sessionId": "faa4e8c4-ea03-4670-acdc-ad259ead4ad5"}</msg>
<msg timestamp="20200513 21:15:22.897" level="DEBUG">http://127.0.0.1:4723 "GET /wd/hub/session/faa4e8c4-ea03-4670-acdc-ad259ead4ad5/element/21/displayed HTTP/1.1" 200 14</msg>
<msg timestamp="20200513 21:15:22.897" level="DEBUG">Finished Request</msg>
<status status="PASS" starttime="20200513 21:15:22.779" endtime="20200513 21:15:22.898"></status>
</kw>
<status status="PASS" starttime="20200513 21:15:22.201" endtime="20200513 21:15:22.898"></status>
</kw>
<kw name="Click Element" library="AppiumLibrary">
<doc>Click element identified by `locator`.</doc>
<arguments>
<arg>${locator}</arg>
</arguments>
<msg timestamp="20200513 21:15:22.899" level="INFO">Clicking element '//*[@resource-id="android:id/button1"]'.</msg>
<msg timestamp="20200513 21:15:22.899" level="DEBUG">POST http://127.0.0.1:4723/wd/hub/session/faa4e8c4-ea03-4670-acdc-ad259ead4ad5/elements {"using": "xpath", "value": "//*[@resource-id=\"android:id/button1\"]", "sessionId": "faa4e8c4-ea03-4670-acdc-ad259ead4ad5"}</msg>
<msg timestamp="20200513 21:15:22.922" level="DEBUG">http://127.0.0.1:4723 "POST /wd/hub/session/faa4e8c4-ea03-4670-acdc-ad259ead4ad5/elements HTTP/1.1" 200 56</msg>
<msg timestamp="20200513 21:15:22.923" level="DEBUG">Finished Request</msg>
<msg timestamp="20200513 21:15:22.923" level="DEBUG">POST http://127.0.0.1:4723/wd/hub/session/faa4e8c4-ea03-4670-acdc-ad259ead4ad5/element/22/click {"id": "22", "sessionId": "faa4e8c4-ea03-4670-acdc-ad259ead4ad5"}</msg>
<msg timestamp="20200513 21:15:26.044" level="DEBUG">http://127.0.0.1:4723 "POST /wd/hub/session/faa4e8c4-ea03-4670-acdc-ad259ead4ad5/element/22/click HTTP/1.1" 200 14</msg>
<msg timestamp="20200513 21:15:26.045" level="DEBUG">Finished Request</msg>
<status status="PASS" starttime="20200513 21:15:22.898" endtime="20200513 21:15:26.046"></status>
</kw>
<status status="PASS" starttime="20200513 21:15:22.201" endtime="20200513 21:15:26.047"></status>
</kw>
<kw name="Input Text After It Is Visible" library="Keywords">
<arguments>
<arg>//*[@resource-id="ru.orangesoftware.financisto:id/primary"]</arg>
<arg>3000</arg>
</arguments>
<kw name="Wait Until Element Is Visible On Page" library="Keywords">
<arguments>
<arg>${locator}</arg>
</arguments>
<kw name="Wait Until Page Contains Element" library="AppiumLibrary">
<doc>Waits until element specified with `locator` appears on current page.</doc>
<arguments>
<arg>${locator}</arg>
<arg>timeout=3s</arg>
<arg>error=Element should be visible.</arg>
</arguments>
<msg timestamp="20200513 21:15:26.052" level="DEBUG">POST http://127.0.0.1:4723/wd/hub/session/faa4e8c4-ea03-4670-acdc-ad259ead4ad5/elements {"using": "xpath", "value": "//*[@resource-id=\"ru.orangesoftware.financisto:id/primary\"]", "sessionId": "faa4e8c4-ea03-4670-acdc-ad259ead4ad5"}</msg>
<msg timestamp="20200513 21:15:26.141" level="DEBUG">http://127.0.0.1:4723 "POST /wd/hub/session/faa4e8c4-ea03-4670-acdc-ad259ead4ad5/elements HTTP/1.1" 200 56</msg>
<msg timestamp="20200513 21:15:26.141" level="DEBUG">Finished Request</msg>
<status status="PASS" starttime="20200513 21:15:26.051" endtime="20200513 21:15:26.141"></status>
</kw>
<kw name="Wait Until Element Is Visible" library="AppiumLibrary">
<doc>Waits until element specified with `locator` is visible.</doc>
<arguments>
<arg>${locator}</arg>
<arg>timeout=3s</arg>
<arg>error=Element should be visible.</arg>
</arguments>
<msg timestamp="20200513 21:15:26.142" level="DEBUG">POST http://127.0.0.1:4723/wd/hub/session/faa4e8c4-ea03-4670-acdc-ad259ead4ad5/elements {"using": "xpath", "value": "//*[@resource-id=\"ru.orangesoftware.financisto:id/primary\"]", "sessionId": "faa4e8c4-ea03-4670-acdc-ad259ead4ad5"}</msg>
<msg timestamp="20200513 21:15:26.175" level="DEBUG">http://127.0.0.1:4723 "POST /wd/hub/session/faa4e8c4-ea03-4670-acdc-ad259ead4ad5/elements HTTP/1.1" 200 56</msg>
<msg timestamp="20200513 21:15:26.176" level="DEBUG">Finished Request</msg>
<msg timestamp="20200513 21:15:26.176" level="DEBUG">GET http://127.0.0.1:4723/wd/hub/session/faa4e8c4-ea03-4670-acdc-ad259ead4ad5/element/24/displayed {"id": "24", "sessionId": "faa4e8c4-ea03-4670-acdc-ad259ead4ad5"}</msg>
<msg timestamp="20200513 21:15:26.222" level="DEBUG">http://127.0.0.1:4723 "GET /wd/hub/session/faa4e8c4-ea03-4670-acdc-ad259ead4ad5/element/24/displayed HTTP/1.1" 200 14</msg>
<msg timestamp="20200513 21:15:26.223" level="DEBUG">Finished Request</msg>
<status status="PASS" starttime="20200513 21:15:26.142" endtime="20200513 21:15:26.223"></status>
</kw>
<status status="PASS" starttime="20200513 21:15:26.050" endtime="20200513 21:15:26.223"></status>
</kw>
<kw name="Input Text" library="AppiumLibrary">
<doc>Types the given `text` into text field identified by `locator`.</doc>
<arguments>
<arg>${locator}</arg>
<arg>${text}</arg>
</arguments>
<msg timestamp="20200513 21:15:26.224" level="INFO">Typing text '3000' into text field '//*[@resource-id="ru.orangesoftware.financisto:id/primary"]'</msg>
<msg timestamp="20200513 21:15:26.225" level="DEBUG">POST http://127.0.0.1:4723/wd/hub/session/faa4e8c4-ea03-4670-acdc-ad259ead4ad5/elements {"using": "xpath", "value": "//*[@resource-id=\"ru.orangesoftware.financisto:id/primary\"]", "sessionId": "faa4e8c4-ea03-4670-acdc-ad259ead4ad5"}</msg>
<msg timestamp="20200513 21:15:26.261" level="DEBUG">http://127.0.0.1:4723 "POST /wd/hub/session/faa4e8c4-ea03-4670-acdc-ad259ead4ad5/elements HTTP/1.1" 200 56</msg>
<msg timestamp="20200513 21:15:26.261" level="DEBUG">Finished Request</msg>
<msg timestamp="20200513 21:15:26.261" level="DEBUG">POST http://127.0.0.1:4723/wd/hub/session/faa4e8c4-ea03-4670-acdc-ad259ead4ad5/element/25/value {"text": "3000", "value": ["3", "0", "0", "0"], "id": "25", "sessionId": "faa4e8c4-ea03-4670-acdc-ad259ead4ad5"}</msg>
<msg timestamp="20200513 21:15:31.661" level="DEBUG">http://127.0.0.1:4723 "POST /wd/hub/session/faa4e8c4-ea03-4670-acdc-ad259ead4ad5/element/25/value HTTP/1.1" 200 14</msg>
<msg timestamp="20200513 21:15:31.662" level="DEBUG">Finished Request</msg>
<status status="PASS" starttime="20200513 21:15:26.224" endtime="20200513 21:15:31.663"></status>
</kw>
<status status="PASS" starttime="20200513 21:15:26.048" endtime="20200513 21:15:31.663"></status>
</kw>
<kw name="Input Text After It Is Visible" library="Keywords">
<arguments>
<arg>//android.widget.ScrollView/android.widget.LinearLayout[1]/android.widget.LinearLayout[5]/android.widget.RelativeLayout[1]/android.widget.EditText[1]</arg>
<arg>This is a test</arg>
</arguments>
<kw name="Wait Until Element Is Visible On Page" library="Keywords">
<arguments>
<arg>${locator}</arg>
</arguments>
<kw name="Wait Until Page Contains Element" library="AppiumLibrary">
<doc>Waits until element specified with `locator` appears on current page.</doc>
<arguments>
<arg>${locator}</arg>
<arg>timeout=3s</arg>
<arg>error=Element should be visible.</arg>
</arguments>
<msg timestamp="20200513 21:15:31.667" level="DEBUG">POST http://127.0.0.1:4723/wd/hub/session/faa4e8c4-ea03-4670-acdc-ad259ead4ad5/elements {"using": "xpath", "value": "//android.widget.ScrollView/android.widget.LinearLayout[1]/android.widget.LinearLayout[5]/android.widget.RelativeLayout[1]/android.widget.EditText[1]", "sessionId": "faa4e8c4-ea03-4670-acdc-ad259ead4ad5"}</msg>
<msg timestamp="20200513 21:15:32.166" level="DEBUG">http://127.0.0.1:4723 "POST /wd/hub/session/faa4e8c4-ea03-4670-acdc-ad259ead4ad5/elements HTTP/1.1" 200 56</msg>
<msg timestamp="20200513 21:15:32.167" level="DEBUG">Finished Request</msg>
<status status="PASS" starttime="20200513 21:15:31.666" endtime="20200513 21:15:32.167"></status>
</kw>
<kw name="Wait Until Element Is Visible" library="AppiumLibrary">
<doc>Waits until element specified with `locator` is visible.</doc>
<arguments>
<arg>${locator}</arg>
<arg>timeout=3s</arg>
<arg>error=Element should be visible.</arg>
</arguments>
<msg timestamp="20200513 21:15:32.168" level="DEBUG">POST http://127.0.0.1:4723/wd/hub/session/faa4e8c4-ea03-4670-acdc-ad259ead4ad5/elements {"using": "xpath", "value": "//android.widget.ScrollView/android.widget.LinearLayout[1]/android.widget.LinearLayout[5]/android.widget.RelativeLayout[1]/android.widget.EditText[1]", "sessionId": "faa4e8c4-ea03-4670-acdc-ad259ead4ad5"}</msg>
<msg timestamp="20200513 21:15:32.268" level="DEBUG">http://127.0.0.1:4723 "POST /wd/hub/session/faa4e8c4-ea03-4670-acdc-ad259ead4ad5/elements HTTP/1.1" 200 56</msg>
<msg timestamp="20200513 21:15:32.268" level="DEBUG">Finished Request</msg>
<msg timestamp="20200513 21:15:32.269" level="DEBUG">GET http://127.0.0.1:4723/wd/hub/session/faa4e8c4-ea03-4670-acdc-ad259ead4ad5/element/27/displayed {"id": "27", "sessionId": "faa4e8c4-ea03-4670-acdc-ad259ead4ad5"}</msg>
<msg timestamp="20200513 21:15:32.297" level="DEBUG">http://127.0.0.1:4723 "GET /wd/hub/session/faa4e8c4-ea03-4670-acdc-ad259ead4ad5/element/27/displayed HTTP/1.1" 200 14</msg>
<msg timestamp="20200513 21:15:32.298" level="DEBUG">Finished Request</msg>
<status status="PASS" starttime="20200513 21:15:32.167" endtime="20200513 21:15:32.298"></status>
</kw>
<status status="PASS" starttime="20200513 21:15:31.665" endtime="20200513 21:15:32.298"></status>
</kw>
<kw name="Input Text" library="AppiumLibrary">
<doc>Types the given `text` into text field identified by `locator`.</doc>
<arguments>
<arg>${locator}</arg>
<arg>${text}</arg>
</arguments>
<msg timestamp="20200513 21:15:32.299" level="INFO">Typing text 'This is a test' into text field '//android.widget.ScrollView/android.widget.LinearLayout[1]/android.widget.LinearLayout[5]/android.widget.RelativeLayout[1]/android.widget.EditText[1]'</msg>
<msg timestamp="20200513 21:15:32.299" level="DEBUG">POST http://127.0.0.1:4723/wd/hub/session/faa4e8c4-ea03-4670-acdc-ad259ead4ad5/elements {"using": "xpath", "value": "//android.widget.ScrollView/android.widget.LinearLayout[1]/android.widget.LinearLayout[5]/android.widget.RelativeLayout[1]/android.widget.EditText[1]", "sessionId": "faa4e8c4-ea03-4670-acdc-ad259ead4ad5"}</msg>
<msg timestamp="20200513 21:15:32.444" level="DEBUG">http://127.0.0.1:4723 "POST /wd/hub/session/faa4e8c4-ea03-4670-acdc-ad259ead4ad5/elements HTTP/1.1" 200 56</msg>
<msg timestamp="20200513 21:15:32.445" level="DEBUG">Finished Request</msg>
<msg timestamp="20200513 21:15:32.445" level="DEBUG">POST http://127.0.0.1:4723/wd/hub/session/faa4e8c4-ea03-4670-acdc-ad259ead4ad5/element/28/value {"text": "This is a test", "value": ["T", "h", "i", "s", " ", "i", "s", " ", "a", " ", "t", "e", "s", "t"], "id": "28", "sessionId": "faa4e8c4-ea03-4670-acdc-ad259ead4ad5"}</msg>
<msg timestamp="20200513 21:15:37.305" level="DEBUG">http://127.0.0.1:4723 "POST /wd/hub/session/faa4e8c4-ea03-4670-acdc-ad259ead4ad5/element/28/value HTTP/1.1" 200 14</msg>
<msg timestamp="20200513 21:15:37.305" level="DEBUG">Finished Request</msg>
<status status="PASS" starttime="20200513 21:15:32.299" endtime="20200513 21:15:37.306"></status>
</kw>
<status status="PASS" starttime="20200513 21:15:31.664" endtime="20200513 21:15:37.306"></status>
</kw>
<kw name="Input Text After It Is Visible" library="Keywords">
<arguments>
<arg>//android.widget.ScrollView/android.widget.LinearLayout[1]/android.widget.LinearLayout[6]/android.widget.RelativeLayout[1]/android.widget.EditText[1]</arg>
<arg>1</arg>
</arguments>
<kw name="Wait Until Element Is Visible On Page" library="Keywords">
<arguments>
<arg>${locator}</arg>
</arguments>
<kw name="Wait Until Page Contains Element" library="AppiumLibrary">
<doc>Waits until element specified with `locator` appears on current page.</doc>
<arguments>
<arg>${locator}</arg>
<arg>timeout=3s</arg>
<arg>error=Element should be visible.</arg>
</arguments>
<msg timestamp="20200513 21:15:37.310" level="DEBUG">POST http://127.0.0.1:4723/wd/hub/session/faa4e8c4-ea03-4670-acdc-ad259ead4ad5/elements {"using": "xpath", "value": "//android.widget.ScrollView/android.widget.LinearLayout[1]/android.widget.LinearLayout[6]/android.widget.RelativeLayout[1]/android.widget.EditText[1]", "sessionId": "faa4e8c4-ea03-4670-acdc-ad259ead4ad5"}</msg>
<msg timestamp="20200513 21:15:37.883" level="DEBUG">http://127.0.0.1:4723 "POST /wd/hub/session/faa4e8c4-ea03-4670-acdc-ad259ead4ad5/elements HTTP/1.1" 200 56</msg>
<msg timestamp="20200513 21:15:37.884" level="DEBUG">Finished Request</msg>
<status status="PASS" starttime="20200513 21:15:37.309" endtime="20200513 21:15:37.885"></status>
</kw>
<kw name="Wait Until Element Is Visible" library="AppiumLibrary">
<doc>Waits until element specified with `locator` is visible.</doc>
<arguments>
<arg>${locator}</arg>
<arg>timeout=3s</arg>
<arg>error=Element should be visible.</arg>
</arguments>
<msg timestamp="20200513 21:15:37.886" level="DEBUG">POST http://127.0.0.1:4723/wd/hub/session/faa4e8c4-ea03-4670-acdc-ad259ead4ad5/elements {"using": "xpath", "value": "//android.widget.ScrollView/android.widget.LinearLayout[1]/android.widget.LinearLayout[6]/android.widget.RelativeLayout[1]/android.widget.EditText[1]", "sessionId": "faa4e8c4-ea03-4670-acdc-ad259ead4ad5"}</msg>
<msg timestamp="20200513 21:15:38.010" level="DEBUG">http://127.0.0.1:4723 "POST /wd/hub/session/faa4e8c4-ea03-4670-acdc-ad259ead4ad5/elements HTTP/1.1" 200 56</msg>
<msg timestamp="20200513 21:15:38.011" level="DEBUG">Finished Request</msg>
<msg timestamp="20200513 21:15:38.011" level="DEBUG">GET http://127.0.0.1:4723/wd/hub/session/faa4e8c4-ea03-4670-acdc-ad259ead4ad5/element/30/displayed {"id": "30", "sessionId": "faa4e8c4-ea03-4670-acdc-ad259ead4ad5"}</msg>
<msg timestamp="20200513 21:15:38.142" level="DEBUG">http://127.0.0.1:4723 "GET /wd/hub/session/faa4e8c4-ea03-4670-acdc-ad259ead4ad5/element/30/displayed HTTP/1.1" 200 14</msg>
<msg timestamp="20200513 21:15:38.142" level="DEBUG">Finished Request</msg>
<status status="PASS" starttime="20200513 21:15:37.885" endtime="20200513 21:15:38.143"></status>
</kw>
<status status="PASS" starttime="20200513 21:15:37.308" endtime="20200513 21:15:38.143"></status>
</kw>
<kw name="Input Text" library="AppiumLibrary">
<doc>Types the given `text` into text field identified by `locator`.</doc>
<arguments>
<arg>${locator}</arg>
<arg>${text}</arg>
</arguments>
<msg timestamp="20200513 21:15:38.144" level="INFO">Typing text '1' into text field '//android.widget.ScrollView/android.widget.LinearLayout[1]/android.widget.LinearLayout[6]/android.widget.RelativeLayout[1]/android.widget.EditText[1]'</msg>
<msg timestamp="20200513 21:15:38.144" level="DEBUG">POST http://127.0.0.1:4723/wd/hub/session/faa4e8c4-ea03-4670-acdc-ad259ead4ad5/elements {"using": "xpath", "value": "//android.widget.ScrollView/android.widget.LinearLayout[1]/android.widget.LinearLayout[6]/android.widget.RelativeLayout[1]/android.widget.EditText[1]", "sessionId": "faa4e8c4-ea03-4670-acdc-ad259ead4ad5"}</msg>
<msg timestamp="20200513 21:15:38.226" level="DEBUG">http://127.0.0.1:4723 "POST /wd/hub/session/faa4e8c4-ea03-4670-acdc-ad259ead4ad5/elements HTTP/1.1" 200 56</msg>
<msg timestamp="20200513 21:15:38.227" level="DEBUG">Finished Request</msg>
<msg timestamp="20200513 21:15:38.227" level="DEBUG">POST http://127.0.0.1:4723/wd/hub/session/faa4e8c4-ea03-4670-acdc-ad259ead4ad5/element/31/value {"text": "1", "value": ["1"], "id": "31", "sessionId": "faa4e8c4-ea03-4670-acdc-ad259ead4ad5"}</msg>
<msg timestamp="20200513 21:15:43.005" level="DEBUG">http://127.0.0.1:4723 "POST /wd/hub/session/faa4e8c4-ea03-4670-acdc-ad259ead4ad5/element/31/value HTTP/1.1" 200 14</msg>
<msg timestamp="20200513 21:15:43.006" level="DEBUG">Finished Request</msg>
<status status="PASS" starttime="20200513 21:15:38.144" endtime="20200513 21:15:43.007"></status>
</kw>
<status status="PASS" starttime="20200513 21:15:37.307" endtime="20200513 21:15:43.007"></status>
</kw>
<kw name="Click Element After It Is Visible" library="Keywords">
<arguments>
<arg>//*[@resource-id="ru.orangesoftware.financisto:id/bOK"]</arg>
</arguments>
<kw name="Wait Until Element Is Visible On Page" library="Keywords">
<arguments>
<arg>${locator}</arg>
</arguments>
<kw name="Wait Until Page Contains Element" library="AppiumLibrary">
<doc>Waits until element specified with `locator` appears on current page.</doc>
<arguments>
<arg>${locator}</arg>
<arg>timeout=3s</arg>
<arg>error=Element should be visible.</arg>
</arguments>
<msg timestamp="20200513 21:15:43.011" level="DEBUG">POST http://127.0.0.1:4723/wd/hub/session/faa4e8c4-ea03-4670-acdc-ad259ead4ad5/elements {"using": "xpath", "value": "//*[@resource-id=\"ru.orangesoftware.financisto:id/bOK\"]", "sessionId": "faa4e8c4-ea03-4670-acdc-ad259ead4ad5"}</msg>
<msg timestamp="20200513 21:15:43.510" level="DEBUG">http://127.0.0.1:4723 "POST /wd/hub/session/faa4e8c4-ea03-4670-acdc-ad259ead4ad5/elements HTTP/1.1" 200 56</msg>
<msg timestamp="20200513 21:15:43.512" level="DEBUG">Finished Request</msg>
<status status="PASS" starttime="20200513 21:15:43.010" endtime="20200513 21:15:43.514"></status>
</kw>
<kw name="Wait Until Element Is Visible" library="AppiumLibrary">
<doc>Waits until element specified with `locator` is visible.</doc>
<arguments>
<arg>${locator}</arg>
<arg>timeout=3s</arg>
<arg>error=Element should be visible.</arg>
</arguments>
<msg timestamp="20200513 21:15:43.517" level="DEBUG">POST http://127.0.0.1:4723/wd/hub/session/faa4e8c4-ea03-4670-acdc-ad259ead4ad5/elements {"using": "xpath", "value": "//*[@resource-id=\"ru.orangesoftware.financisto:id/bOK\"]", "sessionId": "faa4e8c4-ea03-4670-acdc-ad259ead4ad5"}</msg>
<msg timestamp="20200513 21:15:43.707" level="DEBUG">http://127.0.0.1:4723 "POST /wd/hub/session/faa4e8c4-ea03-4670-acdc-ad259ead4ad5/elements HTTP/1.1" 200 56</msg>
<msg timestamp="20200513 21:15:43.707" level="DEBUG">Finished Request</msg>
<msg timestamp="20200513 21:15:43.708" level="DEBUG">GET http://127.0.0.1:4723/wd/hub/session/faa4e8c4-ea03-4670-acdc-ad259ead4ad5/element/33/displayed {"id": "33", "sessionId": "faa4e8c4-ea03-4670-acdc-ad259ead4ad5"}</msg>
<msg timestamp="20200513 21:15:43.720" level="DEBUG">http://127.0.0.1:4723 "GET /wd/hub/session/faa4e8c4-ea03-4670-acdc-ad259ead4ad5/element/33/displayed HTTP/1.1" 200 14</msg>
<msg timestamp="20200513 21:15:43.721" level="DEBUG">Finished Request</msg>
<status status="PASS" starttime="20200513 21:15:43.515" endtime="20200513 21:15:43.721"></status>
</kw>
<status status="PASS" starttime="20200513 21:15:43.009" endtime="20200513 21:15:43.721"></status>
</kw>
<kw name="Click Element" library="AppiumLibrary">
<doc>Click element identified by `locator`.</doc>
<arguments>
<arg>${locator}</arg>
</arguments>
<msg timestamp="20200513 21:15:43.722" level="INFO">Clicking element '//*[@resource-id="ru.orangesoftware.financisto:id/bOK"]'.</msg>
<msg timestamp="20200513 21:15:43.722" level="DEBUG">POST http://127.0.0.1:4723/wd/hub/session/faa4e8c4-ea03-4670-acdc-ad259ead4ad5/elements {"using": "xpath", "value": "//*[@resource-id=\"ru.orangesoftware.financisto:id/bOK\"]", "sessionId": "faa4e8c4-ea03-4670-acdc-ad259ead4ad5"}</msg>
<msg timestamp="20200513 21:15:43.811" level="DEBUG">http://127.0.0.1:4723 "POST /wd/hub/session/faa4e8c4-ea03-4670-acdc-ad259ead4ad5/elements HTTP/1.1" 200 56</msg>
<msg timestamp="20200513 21:15:43.812" level="DEBUG">Finished Request</msg>
<msg timestamp="20200513 21:15:43.812" level="DEBUG">POST http://127.0.0.1:4723/wd/hub/session/faa4e8c4-ea03-4670-acdc-ad259ead4ad5/element/34/click {"id": "34", "sessionId": "faa4e8c4-ea03-4670-acdc-ad259ead4ad5"}</msg>
<msg timestamp="20200513 21:15:44.363" level="DEBUG">http://127.0.0.1:4723 "POST /wd/hub/session/faa4e8c4-ea03-4670-acdc-ad259ead4ad5/element/34/click HTTP/1.1" 200 14</msg>
<msg timestamp="20200513 21:15:44.364" level="DEBUG">Finished Request</msg>
<status status="PASS" starttime="20200513 21:15:43.722" endtime="20200513 21:15:44.364"></status>
</kw>
<status status="PASS" starttime="20200513 21:15:43.008" endtime="20200513 21:15:44.365"></status>
</kw>
<status status="PASS" starttime="20200513 21:15:12.478" endtime="20200513 21:15:44.365"></status>
</kw>
<kw name="Create A New Account" library="Keywords">
<arguments>
<arg>accountForTransfer</arg>
</arguments>
<kw name="Click Element After It Is Visible" library="Keywords">
<arguments>
<arg>//*[@resource-id="ru.orangesoftware.financisto:id/bAdd"]</arg>
</arguments>
<kw name="Wait Until Element Is Visible On Page" library="Keywords">
<arguments>
<arg>${locator}</arg>
</arguments>
<kw name="Wait Until Page Contains Element" library="AppiumLibrary">
<doc>Waits until element specified with `locator` appears on current page.</doc>
<arguments>
<arg>${locator}</arg>
<arg>timeout=3s</arg>
<arg>error=Element should be visible.</arg>
</arguments>
<msg timestamp="20200513 21:15:44.367" level="DEBUG">POST http://127.0.0.1:4723/wd/hub/session/faa4e8c4-ea03-4670-acdc-ad259ead4ad5/elements {"using": "xpath", "value": "//*[@resource-id=\"ru.orangesoftware.financisto:id/bAdd\"]", "sessionId": "faa4e8c4-ea03-4670-acdc-ad259ead4ad5"}</msg>
<msg timestamp="20200513 21:15:44.986" level="DEBUG">http://127.0.0.1:4723 "POST /wd/hub/session/faa4e8c4-ea03-4670-acdc-ad259ead4ad5/elements HTTP/1.1" 200 56</msg>
<msg timestamp="20200513 21:15:44.987" level="DEBUG">Finished Request</msg>
<status status="PASS" starttime="20200513 21:15:44.367" endtime="20200513 21:15:44.987"></status>
</kw>
<kw name="Wait Until Element Is Visible" library="AppiumLibrary">
<doc>Waits until element specified with `locator` is visible.</doc>
<arguments>
<arg>${locator}</arg>
<arg>timeout=3s</arg>
<arg>error=Element should be visible.</arg>
</arguments>
<msg timestamp="20200513 21:15:44.989" level="DEBUG">POST http://127.0.0.1:4723/wd/hub/session/faa4e8c4-ea03-4670-acdc-ad259ead4ad5/elements {"using": "xpath", "value": "//*[@resource-id=\"ru.orangesoftware.financisto:id/bAdd\"]", "sessionId": "faa4e8c4-ea03-4670-acdc-ad259ead4ad5"}</msg>
<msg timestamp="20200513 21:15:45.115" level="DEBUG">http://127.0.0.1:4723 "POST /wd/hub/session/faa4e8c4-ea03-4670-acdc-ad259ead4ad5/elements HTTP/1.1" 200 56</msg>
<msg timestamp="20200513 21:15:45.115" level="DEBUG">Finished Request</msg>
<msg timestamp="20200513 21:15:45.116" level="DEBUG">GET http://127.0.0.1:4723/wd/hub/session/faa4e8c4-ea03-4670-acdc-ad259ead4ad5/element/36/displayed {"id": "36", "sessionId": "faa4e8c4-ea03-4670-acdc-ad259ead4ad5"}</msg>
<msg timestamp="20200513 21:15:45.166" level="DEBUG">http://127.0.0.1:4723 "GET /wd/hub/session/faa4e8c4-ea03-4670-acdc-ad259ead4ad5/element/36/displayed HTTP/1.1" 200 14</msg>
<msg timestamp="20200513 21:15:45.166" level="DEBUG">Finished Request</msg>
<status status="PASS" starttime="20200513 21:15:44.988" endtime="20200513 21:15:45.167"></status>
</kw>
<status status="PASS" starttime="20200513 21:15:44.366" endtime="20200513 21:15:45.167"></status>
</kw>
<kw name="Click Element" library="AppiumLibrary">
<doc>Click element identified by `locator`.</doc>
<arguments>
<arg>${locator}</arg>
</arguments>
<msg timestamp="20200513 21:15:45.168" level="INFO">Clicking element '//*[@resource-id="ru.orangesoftware.financisto:id/bAdd"]'.</msg>
<msg timestamp="20200513 21:15:45.168" level="DEBUG">POST http://127.0.0.1:4723/wd/hub/session/faa4e8c4-ea03-4670-acdc-ad259ead4ad5/elements {"using": "xpath", "value": "//*[@resource-id=\"ru.orangesoftware.financisto:id/bAdd\"]", "sessionId": "faa4e8c4-ea03-4670-acdc-ad259ead4ad5"}</msg>
<msg timestamp="20200513 21:15:45.248" level="DEBUG">http://127.0.0.1:4723 "POST /wd/hub/session/faa4e8c4-ea03-4670-acdc-ad259ead4ad5/elements HTTP/1.1" 200 56</msg>
<msg timestamp="20200513 21:15:45.249" level="DEBUG">Finished Request</msg>
<msg timestamp="20200513 21:15:45.249" level="DEBUG">POST http://127.0.0.1:4723/wd/hub/session/faa4e8c4-ea03-4670-acdc-ad259ead4ad5/element/37/click {"id": "37", "sessionId": "faa4e8c4-ea03-4670-acdc-ad259ead4ad5"}</msg>
<msg timestamp="20200513 21:15:46.184" level="DEBUG">http://127.0.0.1:4723 "POST /wd/hub/session/faa4e8c4-ea03-4670-acdc-ad259ead4ad5/element/37/click HTTP/1.1" 200 14</msg>
<msg timestamp="20200513 21:15:46.185" level="DEBUG">Finished Request</msg>
<status status="PASS" starttime="20200513 21:15:45.167" endtime="20200513 21:15:46.185"></status>
</kw>
<status status="PASS" starttime="20200513 21:15:44.366" endtime="20200513 21:15:46.185"></status>
</kw>
<kw name="Input Text After It Is Visible" library="Keywords">
<arguments>
<arg>//android.widget.ScrollView/android.widget.LinearLayout[1]/android.widget.LinearLayout[2]/android.widget.RelativeLayout[1]/android.widget.EditText[1]</arg>
<arg>${accountName}</arg>
</arguments>
<kw name="Wait Until Element Is Visible On Page" library="Keywords">
<arguments>
<arg>${locator}</arg>
</arguments>
<kw name="Wait Until Page Contains Element" library="AppiumLibrary">
<doc>Waits until element specified with `locator` appears on current page.</doc>
<arguments>
<arg>${locator}</arg>
<arg>timeout=3s</arg>
<arg>error=Element should be visible.</arg>
</arguments>
<msg timestamp="20200513 21:15:46.187" level="DEBUG">POST http://127.0.0.1:4723/wd/hub/session/faa4e8c4-ea03-4670-acdc-ad259ead4ad5/elements {"using": "xpath", "value": "//android.widget.ScrollView/android.widget.LinearLayout[1]/android.widget.LinearLayout[2]/android.widget.RelativeLayout[1]/android.widget.EditText[1]", "sessionId": "faa4e8c4-ea03-4670-acdc-ad259ead4ad5"}</msg>
<msg timestamp="20200513 21:15:46.638" level="DEBUG">http://127.0.0.1:4723 "POST /wd/hub/session/faa4e8c4-ea03-4670-acdc-ad259ead4ad5/elements HTTP/1.1" 200 56</msg>
<msg timestamp="20200513 21:15:46.638" level="DEBUG">Finished Request</msg>
<status status="PASS" starttime="20200513 21:15:46.187" endtime="20200513 21:15:46.639"></status>
</kw>
<kw name="Wait Until Element Is Visible" library="AppiumLibrary">
<doc>Waits until element specified with `locator` is visible.</doc>
<arguments>
<arg>${locator}</arg>
<arg>timeout=3s</arg>
<arg>error=Element should be visible.</arg>
</arguments>
<msg timestamp="20200513 21:15:46.640" level="DEBUG">POST http://127.0.0.1:4723/wd/hub/session/faa4e8c4-ea03-4670-acdc-ad259ead4ad5/elements {"using": "xpath", "value": "//android.widget.ScrollView/android.widget.LinearLayout[1]/android.widget.LinearLayout[2]/android.widget.RelativeLayout[1]/android.widget.EditText[1]", "sessionId": "faa4e8c4-ea03-4670-acdc-ad259ead4ad5"}</msg>
<msg timestamp="20200513 21:15:46.698" level="DEBUG">http://127.0.0.1:4723 "POST /wd/hub/session/faa4e8c4-ea03-4670-acdc-ad259ead4ad5/elements HTTP/1.1" 200 56</msg>
<msg timestamp="20200513 21:15:46.699" level="DEBUG">Finished Request</msg>
<msg timestamp="20200513 21:15:46.699" level="DEBUG">GET http://127.0.0.1:4723/wd/hub/session/faa4e8c4-ea03-4670-acdc-ad259ead4ad5/element/39/displayed {"id": "39", "sessionId": "faa4e8c4-ea03-4670-acdc-ad259ead4ad5"}</msg>
<msg timestamp="20200513 21:15:46.816" level="DEBUG">http://127.0.0.1:4723 "GET /wd/hub/session/faa4e8c4-ea03-4670-acdc-ad259ead4ad5/element/39/displayed HTTP/1.1" 200 14</msg>
<msg timestamp="20200513 21:15:46.817" level="DEBUG">Finished Request</msg>
<status status="PASS" starttime="20200513 21:15:46.639" endtime="20200513 21:15:46.817"></status>
</kw>
<status status="PASS" starttime="20200513 21:15:46.186" endtime="20200513 21:15:46.818"></status>
</kw>
<kw name="Input Text" library="AppiumLibrary">
<doc>Types the given `text` into text field identified by `locator`.</doc>
<arguments>
<arg>${locator}</arg>
<arg>${text}</arg>
</arguments>
<msg timestamp="20200513 21:15:46.818" level="INFO">Typing text 'accountForTransfer' into text field '//android.widget.ScrollView/android.widget.LinearLayout[1]/android.widget.LinearLayout[2]/android.widget.RelativeLayout[1]/android.widget.EditText[1]'</msg>
<msg timestamp="20200513 21:15:46.818" level="DEBUG">POST http://127.0.0.1:4723/wd/hub/session/faa4e8c4-ea03-4670-acdc-ad259ead4ad5/elements {"using": "xpath", "value": "//android.widget.ScrollView/android.widget.LinearLayout[1]/android.widget.LinearLayout[2]/android.widget.RelativeLayout[1]/android.widget.EditText[1]", "sessionId": "faa4e8c4-ea03-4670-acdc-ad259ead4ad5"}</msg>
<msg timestamp="20200513 21:15:47.035" level="DEBUG">http://127.0.0.1:4723 "POST /wd/hub/session/faa4e8c4-ea03-4670-acdc-ad259ead4ad5/elements HTTP/1.1" 200 56</msg>
<msg timestamp="20200513 21:15:47.036" level="DEBUG">Finished Request</msg>
<msg timestamp="20200513 21:15:47.037" level="DEBUG">POST http://127.0.0.1:4723/wd/hub/session/faa4e8c4-ea03-4670-acdc-ad259ead4ad5/element/40/value {"text": "accountForTransfer", "value": ["a", "c", "c", "o", "u", "n", "t", "F", "o", "r", "T", "r", "a", "n", "s", "f", "e", "r"], "id": "40", "sessionId": "faa4e8c4-ea03-4670-acdc-ad259ead4ad5"}</msg>
<msg timestamp="20200513 21:15:51.840" level="DEBUG">http://127.0.0.1:4723 "POST /wd/hub/session/faa4e8c4-ea03-4670-acdc-ad259ead4ad5/element/40/value HTTP/1.1" 200 14</msg>
<msg timestamp="20200513 21:15:51.841" level="DEBUG">Finished Request</msg>
<status status="PASS" starttime="20200513 21:15:46.818" endtime="20200513 21:15:51.841"></status>
</kw>
<status status="PASS" starttime="20200513 21:15:46.186" endtime="20200513 21:15:51.842"></status>
</kw>
<kw name="Wait Until Element Is Visible On Page" library="Keywords">
<arguments>
<arg>//android.widget.ScrollView/android.widget.LinearLayout[1]/android.widget.LinearLayout[2]/android.widget.RelativeLayout[1]/android.widget.EditText[1]</arg>
</arguments>
<kw name="Wait Until Page Contains Element" library="AppiumLibrary">
<doc>Waits until element specified with `locator` appears on current page.</doc>
<arguments>
<arg>${locator}</arg>
<arg>timeout=3s</arg>
<arg>error=Element should be visible.</arg>
</arguments>
<msg timestamp="20200513 21:15:51.845" level="DEBUG">POST http://127.0.0.1:4723/wd/hub/session/faa4e8c4-ea03-4670-acdc-ad259ead4ad5/elements {"using": "xpath", "value": "//android.widget.ScrollView/android.widget.LinearLayout[1]/android.widget.LinearLayout[2]/android.widget.RelativeLayout[1]/android.widget.EditText[1]", "sessionId": "faa4e8c4-ea03-4670-acdc-ad259ead4ad5"}</msg>
<msg timestamp="20200513 21:15:52.405" level="DEBUG">http://127.0.0.1:4723 "POST /wd/hub/session/faa4e8c4-ea03-4670-acdc-ad259ead4ad5/elements HTTP/1.1" 200 56</msg>
<msg timestamp="20200513 21:15:52.406" level="DEBUG">Finished Request</msg>
<status status="PASS" starttime="20200513 21:15:51.844" endtime="20200513 21:15:52.407"></status>
</kw>
<kw name="Wait Until Element Is Visible" library="AppiumLibrary">
<doc>Waits until element specified with `locator` is visible.</doc>
<arguments>
<arg>${locator}</arg>
<arg>timeout=3s</arg>
<arg>error=Element should be visible.</arg>
</arguments>
<msg timestamp="20200513 21:15:52.410" level="DEBUG">POST http://127.0.0.1:4723/wd/hub/session/faa4e8c4-ea03-4670-acdc-ad259ead4ad5/elements {"using": "xpath", "value": "//android.widget.ScrollView/android.widget.LinearLayout[1]/android.widget.LinearLayout[2]/android.widget.RelativeLayout[1]/android.widget.EditText[1]", "sessionId": "faa4e8c4-ea03-4670-acdc-ad259ead4ad5"}</msg>
<msg timestamp="20200513 21:15:52.564" level="DEBUG">http://127.0.0.1:4723 "POST /wd/hub/session/faa4e8c4-ea03-4670-acdc-ad259ead4ad5/elements HTTP/1.1" 200 56</msg>
<msg timestamp="20200513 21:15:52.564" level="DEBUG">Finished Request</msg>
<msg timestamp="20200513 21:15:52.565" level="DEBUG">GET http://127.0.0.1:4723/wd/hub/session/faa4e8c4-ea03-4670-acdc-ad259ead4ad5/element/42/displayed {"id": "42", "sessionId": "faa4e8c4-ea03-4670-acdc-ad259ead4ad5"}</msg>
<msg timestamp="20200513 21:15:52.577" level="DEBUG">http://127.0.0.1:4723 "GET /wd/hub/session/faa4e8c4-ea03-4670-acdc-ad259ead4ad5/element/42/displayed HTTP/1.1" 200 14</msg>
<msg timestamp="20200513 21:15:52.577" level="DEBUG">Finished Request</msg>
<status status="PASS" starttime="20200513 21:15:52.408" endtime="20200513 21:15:52.577"></status>
</kw>
<status status="PASS" starttime="20200513 21:15:51.843" endtime="20200513 21:15:52.578"></status>
</kw>
<kw name="Click Element After It Is Visible" library="Keywords">
<arguments>
<arg>//*[@resource-id="ru.orangesoftware.financisto:id/currency_add"]</arg>
</arguments>
<kw name="Wait Until Element Is Visible On Page" library="Keywords">
<arguments>
<arg>${locator}</arg>
</arguments>
<kw name="Wait Until Page Contains Element" library="AppiumLibrary">
<doc>Waits until element specified with `locator` appears on current page.</doc>
<arguments>
<arg>${locator}</arg>
<arg>timeout=3s</arg>
<arg>error=Element should be visible.</arg>
</arguments>
<msg timestamp="20200513 21:15:52.580" level="DEBUG">POST http://127.0.0.1:4723/wd/hub/session/faa4e8c4-ea03-4670-acdc-ad259ead4ad5/elements {"using": "xpath", "value": "//*[@resource-id=\"ru.orangesoftware.financisto:id/currency_add\"]", "sessionId": "faa4e8c4-ea03-4670-acdc-ad259ead4ad5"}</msg>
<msg timestamp="20200513 21:15:52.664" level="DEBUG">http://127.0.0.1:4723 "POST /wd/hub/session/faa4e8c4-ea03-4670-acdc-ad259ead4ad5/elements HTTP/1.1" 200 56</msg>
<msg timestamp="20200513 21:15:52.664" level="DEBUG">Finished Request</msg>
<status status="PASS" starttime="20200513 21:15:52.579" endtime="20200513 21:15:52.665"></status>
</kw>
<kw name="Wait Until Element Is Visible" library="AppiumLibrary">
<doc>Waits until element specified with `locator` is visible.</doc>
<arguments>
<arg>${locator}</arg>
<arg>timeout=3s</arg>
<arg>error=Element should be visible.</arg>
</arguments>
<msg timestamp="20200513 21:15:52.666" level="DEBUG">POST http://127.0.0.1:4723/wd/hub/session/faa4e8c4-ea03-4670-acdc-ad259ead4ad5/elements {"using": "xpath", "value": "//*[@resource-id=\"ru.orangesoftware.financisto:id/currency_add\"]", "sessionId": "faa4e8c4-ea03-4670-acdc-ad259ead4ad5"}</msg>
<msg timestamp="20200513 21:15:52.749" level="DEBUG">http://127.0.0.1:4723 "POST /wd/hub/session/faa4e8c4-ea03-4670-acdc-ad259ead4ad5/elements HTTP/1.1" 200 56</msg>
<msg timestamp="20200513 21:15:52.749" level="DEBUG">Finished Request</msg>
<msg timestamp="20200513 21:15:52.750" level="DEBUG">GET http://127.0.0.1:4723/wd/hub/session/faa4e8c4-ea03-4670-acdc-ad259ead4ad5/element/44/displayed {"id": "44", "sessionId": "faa4e8c4-ea03-4670-acdc-ad259ead4ad5"}</msg>
<msg timestamp="20200513 21:15:52.777" level="DEBUG">http://127.0.0.1:4723 "GET /wd/hub/session/faa4e8c4-ea03-4670-acdc-ad259ead4ad5/element/44/displayed HTTP/1.1" 200 14</msg>
<msg timestamp="20200513 21:15:52.778" level="DEBUG">Finished Request</msg>
<status status="PASS" starttime="20200513 21:15:52.665" endtime="20200513 21:15:52.778"></status>
</kw>
<status status="PASS" starttime="20200513 21:15:52.579" endtime="20200513 21:15:52.778"></status>
</kw>
<kw name="Click Element" library="AppiumLibrary">
<doc>Click element identified by `locator`.</doc>
<arguments>
<arg>${locator}</arg>
</arguments>
<msg timestamp="20200513 21:15:52.779" level="INFO">Clicking element '//*[@resource-id="ru.orangesoftware.financisto:id/currency_add"]'.</msg>
<msg timestamp="20200513 21:15:52.780" level="DEBUG">POST http://127.0.0.1:4723/wd/hub/session/faa4e8c4-ea03-4670-acdc-ad259ead4ad5/elements {"using": "xpath", "value": "//*[@resource-id=\"ru.orangesoftware.financisto:id/currency_add\"]", "sessionId": "faa4e8c4-ea03-4670-acdc-ad259ead4ad5"}</msg>
<msg timestamp="20200513 21:15:52.854" level="DEBUG">http://127.0.0.1:4723 "POST /wd/hub/session/faa4e8c4-ea03-4670-acdc-ad259ead4ad5/elements HTTP/1.1" 200 56</msg>
<msg timestamp="20200513 21:15:52.854" level="DEBUG">Finished Request</msg>
<msg timestamp="20200513 21:15:52.854" level="DEBUG">POST http://127.0.0.1:4723/wd/hub/session/faa4e8c4-ea03-4670-acdc-ad259ead4ad5/element/45/click {"id": "45", "sessionId": "faa4e8c4-ea03-4670-acdc-ad259ead4ad5"}</msg>
<msg timestamp="20200513 21:15:53.203" level="DEBUG">http://127.0.0.1:4723 "POST /wd/hub/session/faa4e8c4-ea03-4670-acdc-ad259ead4ad5/element/45/click HTTP/1.1" 200 14</msg>
<msg timestamp="20200513 21:15:53.204" level="DEBUG">Finished Request</msg>
<status status="PASS" starttime="20200513 21:15:52.779" endtime="20200513 21:15:53.204"></status>
</kw>
<status status="PASS" starttime="20200513 21:15:52.578" endtime="20200513 21:15:53.205"></status>
</kw>
<kw name="Wait Until Element Is Visible On Page" library="Keywords">
<arguments>
<arg>//*[@resource-id="android:id/select_dialog_listview"]</arg>
</arguments>
<kw name="Wait Until Page Contains Element" library="AppiumLibrary">
<doc>Waits until element specified with `locator` appears on current page.</doc>
<arguments>
<arg>${locator}</arg>
<arg>timeout=3s</arg>
<arg>error=Element should be visible.</arg>
</arguments>
<msg timestamp="20200513 21:15:53.207" level="DEBUG">POST http://127.0.0.1:4723/wd/hub/session/faa4e8c4-ea03-4670-acdc-ad259ead4ad5/elements {"using": "xpath", "value": "//*[@resource-id=\"android:id/select_dialog_listview\"]", "sessionId": "faa4e8c4-ea03-4670-acdc-ad259ead4ad5"}</msg>
<msg timestamp="20200513 21:15:53.873" level="DEBUG">http://127.0.0.1:4723 "POST /wd/hub/session/faa4e8c4-ea03-4670-acdc-ad259ead4ad5/elements HTTP/1.1" 200 56</msg>
<msg timestamp="20200513 21:15:53.875" level="DEBUG">Finished Request</msg>
<status status="PASS" starttime="20200513 21:15:53.206" endtime="20200513 21:15:53.876"></status>
</kw>
<kw name="Wait Until Element Is Visible" library="AppiumLibrary">
<doc>Waits until element specified with `locator` is visible.</doc>
<arguments>
<arg>${locator}</arg>
<arg>timeout=3s</arg>
<arg>error=Element should be visible.</arg>
</arguments>
<msg timestamp="20200513 21:15:53.882" level="DEBUG">POST http://127.0.0.1:4723/wd/hub/session/faa4e8c4-ea03-4670-acdc-ad259ead4ad5/elements {"using": "xpath", "value": "//*[@resource-id=\"android:id/select_dialog_listview\"]", "sessionId": "faa4e8c4-ea03-4670-acdc-ad259ead4ad5"}</msg>
<msg timestamp="20200513 21:15:53.986" level="DEBUG">http://127.0.0.1:4723 "POST /wd/hub/session/faa4e8c4-ea03-4670-acdc-ad259ead4ad5/elements HTTP/1.1" 200 56</msg>
<msg timestamp="20200513 21:15:53.987" level="DEBUG">Finished Request</msg>
<msg timestamp="20200513 21:15:53.987" level="DEBUG">GET http://127.0.0.1:4723/wd/hub/session/faa4e8c4-ea03-4670-acdc-ad259ead4ad5/element/47/displayed {"id": "47", "sessionId": "faa4e8c4-ea03-4670-acdc-ad259ead4ad5"}</msg>
<msg timestamp="20200513 21:15:53.996" level="DEBUG">http://127.0.0.1:4723 "GET /wd/hub/session/faa4e8c4-ea03-4670-acdc-ad259ead4ad5/element/47/displayed HTTP/1.1" 200 14</msg>
<msg timestamp="20200513 21:15:53.997" level="DEBUG">Finished Request</msg>
<status status="PASS" starttime="20200513 21:15:53.879" endtime="20200513 21:15:53.997"></status>
</kw>
<status status="PASS" starttime="20200513 21:15:53.206" endtime="20200513 21:15:53.998"></status>
</kw>
<kw name="Click Element After It Is Visible" library="Keywords">
<arguments>
<arg>//*[@text="AED (United Arab Emirates dirham)"]</arg>
</arguments>
<kw name="Wait Until Element Is Visible On Page" library="Keywords">
<arguments>
<arg>${locator}</arg>
</arguments>
<kw name="Wait Until Page Contains Element" library="AppiumLibrary">
<doc>Waits until element specified with `locator` appears on current page.</doc>
<arguments>
<arg>${locator}</arg>
<arg>timeout=3s</arg>
<arg>error=Element should be visible.</arg>
</arguments>
<msg timestamp="20200513 21:15:54.000" level="DEBUG">POST http://127.0.0.1:4723/wd/hub/session/faa4e8c4-ea03-4670-acdc-ad259ead4ad5/elements {"using": "xpath", "value": "//*[@text=\"AED (United Arab Emirates dirham)\"]", "sessionId": "faa4e8c4-ea03-4670-acdc-ad259ead4ad5"}</msg>
<msg timestamp="20200513 21:15:54.047" level="DEBUG">http://127.0.0.1:4723 "POST /wd/hub/session/faa4e8c4-ea03-4670-acdc-ad259ead4ad5/elements HTTP/1.1" 200 56</msg>
<msg timestamp="20200513 21:15:54.047" level="DEBUG">Finished Request</msg>
<status status="PASS" starttime="20200513 21:15:53.999" endtime="20200513 21:15:54.048"></status>
</kw>
<kw name="Wait Until Element Is Visible" library="AppiumLibrary">
<doc>Waits until element specified with `locator` is visible.</doc>
<arguments>
<arg>${locator}</arg>
<arg>timeout=3s</arg>
<arg>error=Element should be visible.</arg>
</arguments>
<msg timestamp="20200513 21:15:54.049" level="DEBUG">POST http://127.0.0.1:4723/wd/hub/session/faa4e8c4-ea03-4670-acdc-ad259ead4ad5/elements {"using": "xpath", "value": "//*[@text=\"AED (United Arab Emirates dirham)\"]", "sessionId": "faa4e8c4-ea03-4670-acdc-ad259ead4ad5"}</msg>
<msg timestamp="20200513 21:15:54.101" level="DEBUG">http://127.0.0.1:4723 "POST /wd/hub/session/faa4e8c4-ea03-4670-acdc-ad259ead4ad5/elements HTTP/1.1" 200 56</msg>
<msg timestamp="20200513 21:15:54.102" level="DEBUG">Finished Request</msg>
<msg timestamp="20200513 21:15:54.102" level="DEBUG">GET http://127.0.0.1:4723/wd/hub/session/faa4e8c4-ea03-4670-acdc-ad259ead4ad5/element/49/displayed {"id": "49", "sessionId": "faa4e8c4-ea03-4670-acdc-ad259ead4ad5"}</msg>
<msg timestamp="20200513 21:15:54.136" level="DEBUG">http://127.0.0.1:4723 "GET /wd/hub/session/faa4e8c4-ea03-4670-acdc-ad259ead4ad5/element/49/displayed HTTP/1.1" 200 14</msg>
<msg timestamp="20200513 21:15:54.136" level="DEBUG">Finished Request</msg>
<status status="PASS" starttime="20200513 21:15:54.048" endtime="20200513 21:15:54.137"></status>
</kw>
<status status="PASS" starttime="20200513 21:15:53.998" endtime="20200513 21:15:54.137"></status>
</kw>
<kw name="Click Element" library="AppiumLibrary">
<doc>Click element identified by `locator`.</doc>
<arguments>
<arg>${locator}</arg>
</arguments>
<msg timestamp="20200513 21:15:54.137" level="INFO">Clicking element '//*[@text="AED (United Arab Emirates dirham)"]'.</msg>
<msg timestamp="20200513 21:15:54.138" level="DEBUG">POST http://127.0.0.1:4723/wd/hub/session/faa4e8c4-ea03-4670-acdc-ad259ead4ad5/elements {"using": "xpath", "value": "//*[@text=\"AED (United Arab Emirates dirham)\"]", "sessionId": "faa4e8c4-ea03-4670-acdc-ad259ead4ad5"}</msg>
<msg timestamp="20200513 21:15:54.166" level="DEBUG">http://127.0.0.1:4723 "POST /wd/hub/session/faa4e8c4-ea03-4670-acdc-ad259ead4ad5/elements HTTP/1.1" 200 56</msg>
<msg timestamp="20200513 21:15:54.167" level="DEBUG">Finished Request</msg>
<msg timestamp="20200513 21:15:54.167" level="DEBUG">POST http://127.0.0.1:4723/wd/hub/session/faa4e8c4-ea03-4670-acdc-ad259ead4ad5/element/50/click {"id": "50", "sessionId": "faa4e8c4-ea03-4670-acdc-ad259ead4ad5"}</msg>
<msg timestamp="20200513 21:15:54.379" level="DEBUG">http://127.0.0.1:4723 "POST /wd/hub/session/faa4e8c4-ea03-4670-acdc-ad259ead4ad5/element/50/click HTTP/1.1" 200 14</msg>
<msg timestamp="20200513 21:15:54.380" level="DEBUG">Finished Request</msg>
<status status="PASS" starttime="20200513 21:15:54.137" endtime="20200513 21:15:54.380"></status>
</kw>
<status status="PASS" starttime="20200513 21:15:53.998" endtime="20200513 21:15:54.381"></status>
</kw>
<kw name="Click Element After It Is Visible" library="Keywords">
<arguments>
<arg>//*[@resource-id="android:id/button1"]</arg>
</arguments>
<kw name="Wait Until Element Is Visible On Page" library="Keywords">
<arguments>
<arg>${locator}</arg>
</arguments>
<kw name="Wait Until Page Contains Element" library="AppiumLibrary">
<doc>Waits until element specified with `locator` appears on current page.</doc>
<arguments>
<arg>${locator}</arg>
<arg>timeout=3s</arg>
<arg>error=Element should be visible.</arg>
</arguments>
<msg timestamp="20200513 21:15:54.383" level="DEBUG">POST http://127.0.0.1:4723/wd/hub/session/faa4e8c4-ea03-4670-acdc-ad259ead4ad5/elements {"using": "xpath", "value": "//*[@resource-id=\"android:id/button1\"]", "sessionId": "faa4e8c4-ea03-4670-acdc-ad259ead4ad5"}</msg>
<msg timestamp="20200513 21:15:54.885" level="DEBUG">http://127.0.0.1:4723 "POST /wd/hub/session/faa4e8c4-ea03-4670-acdc-ad259ead4ad5/elements HTTP/1.1" 200 56</msg>
<msg timestamp="20200513 21:15:54.887" level="DEBUG">Finished Request</msg>
<status status="PASS" starttime="20200513 21:15:54.382" endtime="20200513 21:15:54.889"></status>
</kw>
<kw name="Wait Until Element Is Visible" library="AppiumLibrary">
<doc>Waits until element specified with `locator` is visible.</doc>
<arguments>
<arg>${locator}</arg>
<arg>timeout=3s</arg>
<arg>error=Element should be visible.</arg>
</arguments>
<msg timestamp="20200513 21:15:54.893" level="DEBUG">POST http://127.0.0.1:4723/wd/hub/session/faa4e8c4-ea03-4670-acdc-ad259ead4ad5/elements {"using": "xpath", "value": "//*[@resource-id=\"android:id/button1\"]", "sessionId": "faa4e8c4-ea03-4670-acdc-ad259ead4ad5"}</msg>
<msg timestamp="20200513 21:15:54.995" level="DEBUG">http://127.0.0.1:4723 "POST /wd/hub/session/faa4e8c4-ea03-4670-acdc-ad259ead4ad5/elements HTTP/1.1" 200 56</msg>
<msg timestamp="20200513 21:15:54.995" level="DEBUG">Finished Request</msg>
<msg timestamp="20200513 21:15:54.996" level="DEBUG">GET http://127.0.0.1:4723/wd/hub/session/faa4e8c4-ea03-4670-acdc-ad259ead4ad5/element/52/displayed {"id": "52", "sessionId": "faa4e8c4-ea03-4670-acdc-ad259ead4ad5"}</msg>
<msg timestamp="20200513 21:15:55.051" level="DEBUG">http://127.0.0.1:4723 "GET /wd/hub/session/faa4e8c4-ea03-4670-acdc-ad259ead4ad5/element/52/displayed HTTP/1.1" 200 14</msg>
<msg timestamp="20200513 21:15:55.052" level="DEBUG">Finished Request</msg>
<status status="PASS" starttime="20200513 21:15:54.891" endtime="20200513 21:15:55.052"></status>
</kw>
<status status="PASS" starttime="20200513 21:15:54.382" endtime="20200513 21:15:55.053"></status>
</kw>
<kw name="Click Element" library="AppiumLibrary">
<doc>Click element identified by `locator`.</doc>
<arguments>
<arg>${locator}</arg>
</arguments>
<msg timestamp="20200513 21:15:55.053" level="INFO">Clicking element '//*[@resource-id="android:id/button1"]'.</msg>
<msg timestamp="20200513 21:15:55.054" level="DEBUG">POST http://127.0.0.1:4723/wd/hub/session/faa4e8c4-ea03-4670-acdc-ad259ead4ad5/elements {"using": "xpath", "value": "//*[@resource-id=\"android:id/button1\"]", "sessionId": "faa4e8c4-ea03-4670-acdc-ad259ead4ad5"}</msg>
<msg timestamp="20200513 21:15:55.101" level="DEBUG">http://127.0.0.1:4723 "POST /wd/hub/session/faa4e8c4-ea03-4670-acdc-ad259ead4ad5/elements HTTP/1.1" 200 56</msg>
<msg timestamp="20200513 21:15:55.101" level="DEBUG">Finished Request</msg>
<msg timestamp="20200513 21:15:55.101" level="DEBUG">POST http://127.0.0.1:4723/wd/hub/session/faa4e8c4-ea03-4670-acdc-ad259ead4ad5/element/53/click {"id": "53", "sessionId": "faa4e8c4-ea03-4670-acdc-ad259ead4ad5"}</msg>
<msg timestamp="20200513 21:15:58.212" level="DEBUG">http://127.0.0.1:4723 "POST /wd/hub/session/faa4e8c4-ea03-4670-acdc-ad259ead4ad5/element/53/click HTTP/1.1" 200 14</msg>
<msg timestamp="20200513 21:15:58.213" level="DEBUG">Finished Request</msg>
<status status="PASS" starttime="20200513 21:15:55.053" endtime="20200513 21:15:58.213"></status>
</kw>
<status status="PASS" starttime="20200513 21:15:54.381" endtime="20200513 21:15:58.213"></status>
</kw>
<kw name="Input Text After It Is Visible" library="Keywords">
<arguments>
<arg>//*[@resource-id="ru.orangesoftware.financisto:id/primary"]</arg>
<arg>3000</arg>
</arguments>
<kw name="Wait Until Element Is Visible On Page" library="Keywords">
<arguments>
<arg>${locator}</arg>
</arguments>
<kw name="Wait Until Page Contains Element" library="AppiumLibrary">
<doc>Waits until element specified with `locator` appears on current page.</doc>
<arguments>
<arg>${locator}</arg>
<arg>timeout=3s</arg>
<arg>error=Element should be visible.</arg>
</arguments>
<msg timestamp="20200513 21:15:58.216" level="DEBUG">POST http://127.0.0.1:4723/wd/hub/session/faa4e8c4-ea03-4670-acdc-ad259ead4ad5/elements {"using": "xpath", "value": "//*[@resource-id=\"ru.orangesoftware.financisto:id/primary\"]", "sessionId": "faa4e8c4-ea03-4670-acdc-ad259ead4ad5"}</msg>
<msg timestamp="20200513 21:15:58.262" level="DEBUG">http://127.0.0.1:4723 "POST /wd/hub/session/faa4e8c4-ea03-4670-acdc-ad259ead4ad5/elements HTTP/1.1" 200 56</msg>
<msg timestamp="20200513 21:15:58.262" level="DEBUG">Finished Request</msg>
<status status="PASS" starttime="20200513 21:15:58.215" endtime="20200513 21:15:58.263"></status>
</kw>
<kw name="Wait Until Element Is Visible" library="AppiumLibrary">
<doc>Waits until element specified with `locator` is visible.</doc>
<arguments>
<arg>${locator}</arg>
<arg>timeout=3s</arg>
<arg>error=Element should be visible.</arg>
</arguments>
<msg timestamp="20200513 21:15:58.263" level="DEBUG">POST http://127.0.0.1:4723/wd/hub/session/faa4e8c4-ea03-4670-acdc-ad259ead4ad5/elements {"using": "xpath", "value": "//*[@resource-id=\"ru.orangesoftware.financisto:id/primary\"]", "sessionId": "faa4e8c4-ea03-4670-acdc-ad259ead4ad5"}</msg>
<msg timestamp="20200513 21:15:58.327" level="DEBUG">http://127.0.0.1:4723 "POST /wd/hub/session/faa4e8c4-ea03-4670-acdc-ad259ead4ad5/elements HTTP/1.1" 200 56</msg>
<msg timestamp="20200513 21:15:58.328" level="DEBUG">Finished Request</msg>
<msg timestamp="20200513 21:15:58.328" level="DEBUG">GET http://127.0.0.1:4723/wd/hub/session/faa4e8c4-ea03-4670-acdc-ad259ead4ad5/element/55/displayed {"id": "55", "sessionId": "faa4e8c4-ea03-4670-acdc-ad259ead4ad5"}</msg>
<msg timestamp="20200513 21:15:58.338" level="DEBUG">http://127.0.0.1:4723 "GET /wd/hub/session/faa4e8c4-ea03-4670-acdc-ad259ead4ad5/element/55/displayed HTTP/1.1" 200 14</msg>
[...]
<msg timestamp="20200513 21:16:20.548" level="DEBUG">http://127.0.0.1:4723 "POST /wd/hub/session/faa4e8c4-ea03-4670-acdc-ad259ead4ad5/elements HTTP/1.1" 200 56</msg>
<msg timestamp="20200513 21:16:20.548" level="DEBUG">Finished Request</msg>
<msg timestamp="20200513 21:16:20.548" level="DEBUG">GET http://127.0.0.1:4723/wd/hub/session/faa4e8c4-ea03-4670-acdc-ad259ead4ad5/element/73/displayed {"id": "73", "sessionId": "faa4e8c4-ea03-4670-acdc-ad259ead4ad5"}</msg>
<msg timestamp="20200513 21:16:20.598" level="DEBUG">http://127.0.0.1:4723 "GET /wd/hub/session/faa4e8c4-ea03-4670-acdc-ad259ead4ad5/element/73/displayed HTTP/1.1" 200 14</msg>
<msg timestamp="20200513 21:16:20.598" level="DEBUG">Finished Request</msg>
<status status="PASS" starttime="20200513 21:16:20.413" endtime="20200513 21:16:20.598"></status>
</kw>
<status status="PASS" starttime="20200513 21:16:20.259" endtime="20200513 21:16:20.599"></status>
</kw>
<kw name="Click Element" library="AppiumLibrary">
<doc>Click element identified by `locator`.</doc>
<arguments>
<arg>${locator}</arg>
</arguments>
<msg timestamp="20200513 21:16:20.599" level="INFO">Clicking element '//*[@resource-id="ru.orangesoftware.financisto:id/account_to"]/android.widget.RelativeLayout[1]'.</msg>
<msg timestamp="20200513 21:16:20.599" level="DEBUG">POST http://127.0.0.1:4723/wd/hub/session/faa4e8c4-ea03-4670-acdc-ad259ead4ad5/elements {"using": "xpath", "value": "//*[@resource-id=\"ru.orangesoftware.financisto:id/account_to\"]/android.widget.RelativeLayout[1]", "sessionId": "faa4e8c4-ea03-4670-acdc-ad259ead4ad5"}</msg>
<msg timestamp="20200513 21:16:20.680" level="DEBUG">http://127.0.0.1:4723 "POST /wd/hub/session/faa4e8c4-ea03-4670-acdc-ad259ead4ad5/elements HTTP/1.1" 200 56</msg>
<msg timestamp="20200513 21:16:20.681" level="DEBUG">Finished Request</msg>
<msg timestamp="20200513 21:16:20.681" level="DEBUG">POST http://127.0.0.1:4723/wd/hub/session/faa4e8c4-ea03-4670-acdc-ad259ead4ad5/element/74/click {"id": "74", "sessionId": "faa4e8c4-ea03-4670-acdc-ad259ead4ad5"}</msg>
<msg timestamp="20200513 21:16:20.949" level="DEBUG">http://127.0.0.1:4723 "POST /wd/hub/session/faa4e8c4-ea03-4670-acdc-ad259ead4ad5/element/74/click HTTP/1.1" 200 14</msg>
<msg timestamp="20200513 21:16:20.950" level="DEBUG">Finished Request</msg>
<status status="PASS" starttime="20200513 21:16:20.599" endtime="20200513 21:16:20.950"></status>
</kw>
<status status="PASS" starttime="20200513 21:16:20.258" endtime="20200513 21:16:20.951"></status>
</kw>
<kw name="Click Element After It Is Visible" library="Keywords">
<arguments>
<arg>//*[@text="AccountForTransfer"]</arg>
</arguments>
<kw name="Wait Until Element Is Visible On Page" library="Keywords">
<arguments>
<arg>${locator}</arg>
</arguments>
<kw name="Wait Until Page Contains Element" library="AppiumLibrary">
<doc>Waits until element specified with `locator` appears on current page.</doc>
<arguments>
<arg>${locator}</arg>
<arg>timeout=3s</arg>
<arg>error=Element should be visible.</arg>
</arguments>
<msg timestamp="20200513 21:16:20.954" level="DEBUG">POST http://127.0.0.1:4723/wd/hub/session/faa4e8c4-ea03-4670-acdc-ad259ead4ad5/elements {"using": "xpath", "value": "//*[@text=\"AccountForTransfer\"]", "sessionId": "faa4e8c4-ea03-4670-acdc-ad259ead4ad5"}</msg>
<msg timestamp="20200513 21:16:21.009" level="DEBUG">http://127.0.0.1:4723 "POST /wd/hub/session/faa4e8c4-ea03-4670-acdc-ad259ead4ad5/elements HTTP/1.1" 200 12</msg>
<msg timestamp="20200513 21:16:21.010" level="DEBUG">Finished Request</msg>
<msg timestamp="20200513 21:16:21.211" level="DEBUG">POST http://127.0.0.1:4723/wd/hub/session/faa4e8c4-ea03-4670-acdc-ad259ead4ad5/elements {"using": "xpath", "value": "//*[@text=\"AccountForTransfer\"]", "sessionId": "faa4e8c4-ea03-4670-acdc-ad259ead4ad5"}</msg>
<msg timestamp="20200513 21:16:21.243" level="DEBUG">http://127.0.0.1:4723 "POST /wd/hub/session/faa4e8c4-ea03-4670-acdc-ad259ead4ad5/elements HTTP/1.1" 200 12</msg>
<msg timestamp="20200513 21:16:21.243" level="DEBUG">Finished Request</msg>
<msg timestamp="20200513 21:16:21.443" level="DEBUG">POST http://127.0.0.1:4723/wd/hub/session/faa4e8c4-ea03-4670-acdc-ad259ead4ad5/elements {"using": "xpath", "value": "//*[@text=\"AccountForTransfer\"]", "sessionId": "faa4e8c4-ea03-4670-acdc-ad259ead4ad5"}</msg>
<msg timestamp="20200513 21:16:21.474" level="DEBUG">http://127.0.0.1:4723 "POST /wd/hub/session/faa4e8c4-ea03-4670-acdc-ad259ead4ad5/elements HTTP/1.1" 200 12</msg>
<msg timestamp="20200513 21:16:21.474" level="DEBUG">Finished Request</msg>
<msg timestamp="20200513 21:16:21.675" level="DEBUG">POST http://127.0.0.1:4723/wd/hub/session/faa4e8c4-ea03-4670-acdc-ad259ead4ad5/elements {"using": "xpath", "value": "//*[@text=\"AccountForTransfer\"]", "sessionId": "faa4e8c4-ea03-4670-acdc-ad259ead4ad5"}</msg>
<msg timestamp="20200513 21:16:21.739" level="DEBUG">http://127.0.0.1:4723 "POST /wd/hub/session/faa4e8c4-ea03-4670-acdc-ad259ead4ad5/elements HTTP/1.1" 200 12</msg>
<msg timestamp="20200513 21:16:21.739" level="DEBUG">Finished Request</msg>
<msg timestamp="20200513 21:16:21.940" level="DEBUG">POST http://127.0.0.1:4723/wd/hub/session/faa4e8c4-ea03-4670-acdc-ad259ead4ad5/elements {"using": "xpath", "value": "//*[@text=\"AccountForTransfer\"]", "sessionId": "faa4e8c4-ea03-4670-acdc-ad259ead4ad5"}</msg>
<msg timestamp="20200513 21:16:21.973" level="DEBUG">http://127.0.0.1:4723 "POST /wd/hub/session/faa4e8c4-ea03-4670-acdc-ad259ead4ad5/elements HTTP/1.1" 200 12</msg>
<msg timestamp="20200513 21:16:21.974" level="DEBUG">Finished Request</msg>
<msg timestamp="20200513 21:16:22.175" level="DEBUG">POST http://127.0.0.1:4723/wd/hub/session/faa4e8c4-ea03-4670-acdc-ad259ead4ad5/elements {"using": "xpath", "value": "//*[@text=\"AccountForTransfer\"]", "sessionId": "faa4e8c4-ea03-4670-acdc-ad259ead4ad5"}</msg>
<msg timestamp="20200513 21:16:22.222" level="DEBUG">http://127.0.0.1:4723 "POST /wd/hub/session/faa4e8c4-ea03-4670-acdc-ad259ead4ad5/elements HTTP/1.1" 200 12</msg>
<msg timestamp="20200513 21:16:22.222" level="DEBUG">Finished Request</msg>
<msg timestamp="20200513 21:16:22.423" level="DEBUG">POST http://127.0.0.1:4723/wd/hub/session/faa4e8c4-ea03-4670-acdc-ad259ead4ad5/elements {"using": "xpath", "value": "//*[@text=\"AccountForTransfer\"]", "sessionId": "faa4e8c4-ea03-4670-acdc-ad259ead4ad5"}</msg>
<msg timestamp="20200513 21:16:22.455" level="DEBUG">http://127.0.0.1:4723 "POST /wd/hub/session/faa4e8c4-ea03-4670-acdc-ad259ead4ad5/elements HTTP/1.1" 200 12</msg>
<msg timestamp="20200513 21:16:22.456" level="DEBUG">Finished Request</msg>
<msg timestamp="20200513 21:16:22.657" level="DEBUG">POST http://127.0.0.1:4723/wd/hub/session/faa4e8c4-ea03-4670-acdc-ad259ead4ad5/elements {"using": "xpath", "value": "//*[@text=\"AccountForTransfer\"]", "sessionId": "faa4e8c4-ea03-4670-acdc-ad259ead4ad5"}</msg>
<msg timestamp="20200513 21:16:22.692" level="DEBUG">http://127.0.0.1:4723 "POST /wd/hub/session/faa4e8c4-ea03-4670-acdc-ad259ead4ad5/elements HTTP/1.1" 200 12</msg>
<msg timestamp="20200513 21:16:22.692" level="DEBUG">Finished Request</msg>
<msg timestamp="20200513 21:16:22.893" level="DEBUG">POST http://127.0.0.1:4723/wd/hub/session/faa4e8c4-ea03-4670-acdc-ad259ead4ad5/elements {"using": "xpath", "value": "//*[@text=\"AccountForTransfer\"]", "sessionId": "faa4e8c4-ea03-4670-acdc-ad259ead4ad5"}</msg>
<msg timestamp="20200513 21:16:22.929" level="DEBUG">http://127.0.0.1:4723 "POST /wd/hub/session/faa4e8c4-ea03-4670-acdc-ad259ead4ad5/elements HTTP/1.1" 200 12</msg>
<msg timestamp="20200513 21:16:22.930" level="DEBUG">Finished Request</msg>
<msg timestamp="20200513 21:16:23.130" level="DEBUG">POST http://127.0.0.1:4723/wd/hub/session/faa4e8c4-ea03-4670-acdc-ad259ead4ad5/elements {"using": "xpath", "value": "//*[@text=\"AccountForTransfer\"]", "sessionId": "faa4e8c4-ea03-4670-acdc-ad259ead4ad5"}</msg>
<msg timestamp="20200513 21:16:23.164" level="DEBUG">http://127.0.0.1:4723 "POST /wd/hub/session/faa4e8c4-ea03-4670-acdc-ad259ead4ad5/elements HTTP/1.1" 200 12</msg>
<msg timestamp="20200513 21:16:23.164" level="DEBUG">Finished Request</msg>
<msg timestamp="20200513 21:16:23.365" level="DEBUG">POST http://127.0.0.1:4723/wd/hub/session/faa4e8c4-ea03-4670-acdc-ad259ead4ad5/elements {"using": "xpath", "value": "//*[@text=\"AccountForTransfer\"]", "sessionId": "faa4e8c4-ea03-4670-acdc-ad259ead4ad5"}</msg>
<msg timestamp="20200513 21:16:23.400" level="DEBUG">http://127.0.0.1:4723 "POST /wd/hub/session/faa4e8c4-ea03-4670-acdc-ad259ead4ad5/elements HTTP/1.1" 200 12</msg>
<msg timestamp="20200513 21:16:23.400" level="DEBUG">Finished Request</msg>
<msg timestamp="20200513 21:16:23.601" level="DEBUG">POST http://127.0.0.1:4723/wd/hub/session/faa4e8c4-ea03-4670-acdc-ad259ead4ad5/elements {"using": "xpath", "value": "//*[@text=\"AccountForTransfer\"]", "sessionId": "faa4e8c4-ea03-4670-acdc-ad259ead4ad5"}</msg>
<msg timestamp="20200513 21:16:23.630" level="DEBUG">http://127.0.0.1:4723 "POST /wd/hub/session/faa4e8c4-ea03-4670-acdc-ad259ead4ad5/elements HTTP/1.1" 200 12</msg>
<msg timestamp="20200513 21:16:23.630" level="DEBUG">Finished Request</msg>
<msg timestamp="20200513 21:16:23.830" level="DEBUG">POST http://127.0.0.1:4723/wd/hub/session/faa4e8c4-ea03-4670-acdc-ad259ead4ad5/elements {"using": "xpath", "value": "//*[@text=\"AccountForTransfer\"]", "sessionId": "faa4e8c4-ea03-4670-acdc-ad259ead4ad5"}</msg>
<msg timestamp="20200513 21:16:23.866" level="DEBUG">http://127.0.0.1:4723 "POST /wd/hub/session/faa4e8c4-ea03-4670-acdc-ad259ead4ad5/elements HTTP/1.1" 200 12</msg>
<msg timestamp="20200513 21:16:23.866" level="DEBUG">Finished Request</msg>
<msg timestamp="20200513 21:16:24.067" level="DEBUG">POST http://127.0.0.1:4723/wd/hub/session/faa4e8c4-ea03-4670-acdc-ad259ead4ad5/elements {"using": "xpath", "value": "//*[@text=\"AccountForTransfer\"]", "sessionId": "faa4e8c4-ea03-4670-acdc-ad259ead4ad5"}</msg>
<msg timestamp="20200513 21:16:24.107" level="DEBUG">http://127.0.0.1:4723 "POST /wd/hub/session/faa4e8c4-ea03-4670-acdc-ad259ead4ad5/elements HTTP/1.1" 200 12</msg>
<msg timestamp="20200513 21:16:24.108" level="DEBUG">Finished Request</msg>
<msg timestamp="20200513 21:16:24.171" level="DEBUG">GET http://127.0.0.1:4723/wd/hub/session/faa4e8c4-ea03-4670-acdc-ad259ead4ad5/source {"sessionId": "faa4e8c4-ea03-4670-acdc-ad259ead4ad5"}</msg>
<msg timestamp="20200513 21:16:24.220" level="DEBUG">http://127.0.0.1:4723 "GET /wd/hub/session/faa4e8c4-ea03-4670-acdc-ad259ead4ad5/source HTTP/1.1" 200 5453</msg>
<msg timestamp="20200513 21:16:24.221" level="DEBUG">Finished Request</msg>
<msg timestamp="20200513 21:16:24.221" level="INFO">&lt;?xml version="1.0" encoding="UTF-8"?&gt;&lt;hierarchy rotation="0"&gt;&lt;android.widget.FrameLayout index="0" text="" class="android.widget.FrameLayout" package="ru.orangesoftware.financisto" content-desc="" checkable="false" checked="false" clickable="false" enabled="true" focusable="false" focused="false" scrollable="false" long-clickable="false" password="false" selected="false" bounds="[60,671][1020,1323]" resource-id="" instance="0"&gt;&lt;android.widget.FrameLayout index="0" text="" class="android.widget.FrameLayout" package="ru.orangesoftware.financisto" content-desc="" checkable="false" checked="false" clickable="false" enabled="true" focusable="false" focused="false" scrollable="false" long-clickable="false" password="false" selected="false" bounds="[60,671][1020,1323]" resource-id="" instance="1"&gt;&lt;android.widget.FrameLayout index="0" text="" class="android.widget.FrameLayout" package="ru.orangesoftware.financisto" content-desc="" checkable="false" checked="false" clickable="false" enabled="true" focusable="false" focused="false" scrollable="false" long-clickable="false" password="false" selected="false" bounds="[60,671][1020,1323]" resource-id="android:id/content" instance="2"&gt;&lt;android.widget.LinearLayout index="0" text="" class="android.widget.LinearLayout" package="ru.orangesoftware.financisto" content-desc="" checkable="false" checked="false" clickable="false" enabled="true" focusable="false" focused="false" scrollable="false" long-clickable="false" password="false" selected="false" bounds="[60,671][1020,1323]" resource-id="android:id/parentPanel" instance="0"&gt;&lt;android.widget.LinearLayout index="0" text="" class="android.widget.LinearLayout" package="ru.orangesoftware.financisto" content-desc="" checkable="false" checked="false" clickable="false" enabled="true" focusable="false" focused="false" scrollable="false" long-clickable="false" password="false" selected="false" bounds="[69,698][1017,882]" resource-id="android:id/topPanel" instance="1"&gt;&lt;android.widget.LinearLayout index="0" text="" class="android.widget.LinearLayout" package="ru.orangesoftware.financisto" content-desc="" checkable="false" checked="false" clickable="false" enabled="true" focusable="false" focused="false" scrollable="false" long-clickable="false" password="false" selected="false" bounds="[137,746][949,852]" resource-id="android:id/title_template" instance="2"&gt;&lt;android.widget.TextView index="0" text="帳戶" class="android.widget.TextView" package="ru.orangesoftware.financisto" content-desc="" checkable="false" checked="false" clickable="false" enabled="true" focusable="false" focused="false" scrollable="false" long-clickable="false" password="false" selected="false" bounds="[137,746][949,852]" resource-id="android:id/alertTitle" instance="0"/&gt;&lt;/android.widget.LinearLayout&gt;&lt;android.widget.ImageView index="1" text="" class="android.widget.ImageView" package="ru.orangesoftware.financisto" content-desc="" checkable="false" checked="false" clickable="false" enabled="true" focusable="false" focused="false" scrollable="false" long-clickable="false" password="false" selected="false" bounds="[107,879][979,882]" resource-id="android:id/titleDivider" instance="0"/&gt;&lt;/android.widget.LinearLayout&gt;&lt;android.widget.LinearLayout index="1" text="" class="android.widget.LinearLayout" package="ru.orangesoftware.financisto" content-desc="" checkable="false" checked="false" clickable="false" enabled="true" focusable="false" focused="false" scrollable="false" long-clickable="false" password="false" selected="false" bounds="[69,882][1017,1314]" resource-id="android:id/contentPanel" instance="3"&gt;&lt;android.widget.ListView index="0" text="" class="android.widget.ListView" package="ru.orangesoftware.financisto" content-desc="" checkable="false" checked="false" clickable="true" enabled="true" focusable="true" focused="true" scrollable="false" long-clickable="false" password="false" selected="false" bounds="[107,882][979,1268]" resource-id="android:id/select_dialog_listview" instance="0"&gt;&lt;android.widget.CheckedTextView index="0" text="accountForTest" class="android.widget.CheckedTextView" package="ru.orangesoftware.financisto" content-desc="" checkable="true" checked="false" clickable="true" enabled="true" focusable="false" focused="false" scrollable="false" long-clickable="false" password="false" selected="false" bounds="[107,882][979,1074]" resource-id="android:id/text1" instance="0"/&gt;&lt;android.widget.CheckedTextView index="1" text="accountForTransfer" class="android.widget.CheckedTextView" package="ru.orangesoftware.financisto" content-desc="" checkable="true" checked="false" clickable="true" enabled="true" focusable="false" focused="false" scrollable="false" long-clickable="false" password="false" selected="false" bounds="[107,1076][979,1268]" resource-id="android:id/text1" instance="1"/&gt;&lt;/android.widget.ListView&gt;&lt;/android.widget.LinearLayout&gt;&lt;/android.widget.LinearLayout&gt;&lt;/android.widget.FrameLayout&gt;&lt;/android.widget.FrameLayout&gt;&lt;/android.widget.FrameLayout&gt;&lt;/hierarchy&gt;</msg>
<msg timestamp="20200513 21:16:24.222" level="FAIL">Element should be visible.</msg>
<msg timestamp="20200513 21:16:24.222" level="DEBUG">Traceback (most recent call last):
  File "C:\Users\DCTRACK\AppData\Local\Programs\Python\Python36\lib\site-packages\AppiumLibrary\keywords\_waiting.py", line 88, in wait_until_page_contains_element
    self._wait_until(timeout, error, self._is_element_present, locator)
  File "C:\Users\DCTRACK\AppData\Local\Programs\Python\Python36\lib\site-packages\AppiumLibrary\keywords\_waiting.py", line 122, in _wait_until
    self._wait_until_no_error(timeout, wait_func)
  File "C:\Users\DCTRACK\AppData\Local\Programs\Python\Python36\lib\site-packages\AppiumLibrary\keywords\_waiting.py", line 133, in _wait_until_no_error
    raise AssertionError(timeout_error)</msg>
<status status="FAIL" starttime="20200513 21:16:20.953" endtime="20200513 21:16:24.222"></status>
</kw>
<status status="FAIL" starttime="20200513 21:16:20.952" endtime="20200513 21:16:24.223"></status>
</kw>
<status status="FAIL" starttime="20200513 21:16:20.951" endtime="20200513 21:16:24.223"></status>
</kw>
<kw name="Close Application" library="AppiumLibrary" type="teardown">
<doc>Closes the current application.</doc>
<msg timestamp="20200513 21:16:24.224" level="DEBUG">Closing application with session id faa4e8c4-ea03-4670-acdc-ad259ead4ad5</msg>
<msg timestamp="20200513 21:16:24.224" level="DEBUG">DELETE http://127.0.0.1:4723/wd/hub/session/faa4e8c4-ea03-4670-acdc-ad259ead4ad5 {"sessionId": "faa4e8c4-ea03-4670-acdc-ad259ead4ad5"}</msg>
<msg timestamp="20200513 21:16:25.861" level="DEBUG">http://127.0.0.1:4723 "DELETE /wd/hub/session/faa4e8c4-ea03-4670-acdc-ad259ead4ad5 HTTP/1.1" 200 14</msg>
<msg timestamp="20200513 21:16:25.863" level="DEBUG">Finished Request</msg>
<status status="PASS" starttime="20200513 21:16:24.223" endtime="20200513 21:16:25.863"></status>
</kw>
<status status="FAIL" starttime="20200513 21:14:58.659" endtime="20200513 21:16:25.864" critical="yes">Element should be visible.</status>
</test>
<status status="FAIL" starttime="20200513 21:14:58.535" endtime="20200513 21:16:25.864"></status>
</suite>
<status status="FAIL" starttime="20200513 21:14:58.533" endtime="20200513 21:16:25.866"></status>
</suite>
<status status="FAIL" starttime="20200513 21:14:58.531" endtime="20200513 21:16:25.868"></status>
</suite>
<status status="FAIL" starttime="20200513 21:14:58.515" endtime="20200513 21:16:25.869"></status>
</suite>
<statistics>
<total>
<stat pass="0" fail="1">Critical Tests</stat>
<stat pass="0" fail="1">All Tests</stat>
</total>
<tag>
</tag>
<suite>
<stat pass="0" fail="1" id="s1" name="STV Financisto Test Automation">STV Financisto Test Automation</stat>
<stat pass="0" fail="1" id="s1-s1" name="FinancistoTest">STV Financisto Test Automation.FinancistoTest</stat>
<stat pass="0" fail="1" id="s1-s1-s1" name="Account">STV Financisto Test Automation.FinancistoTest.Account</stat>
<stat pass="0" fail="1" id="s1-s1-s1-s1" name="FT-40 Transfer account with complete data">STV Financisto Test Automation.FinancistoTest.Account.FT-40 Transfer account with complete data</stat>
</suite>
</statistics>
<errors>
<msg timestamp="20200513 21:14:58.512" level="ERROR">Taking listener './dctlib/listeners/no_rush.py' into use failed: Importing listener 'dctlib\listeners\no_rush.py' failed: ModuleNotFoundError: No module named 'dctlib\\listeners\\no_rush'
Traceback (most recent call last):
  None
PYTHONPATH:
  C:\Users\DCTRACK\AppData\Local\Programs\Python\Python36\python36.zip
  C:\Users\DCTRACK\AppData\Local\Programs\Python\Python36\DLLs
  C:\Users\DCTRACK\AppData\Local\Programs\Python\Python36\lib
  C:\Users\DCTRACK\AppData\Local\Programs\Python\Python36
  C:\Users\DCTRACK\AppData\Roaming\Python\Python36\site-packages
  C:\Users\DCTRACK\AppData\Local\Programs\Python\Python36\lib\site-packages
  C:\Users\DCTRACK\AppData\Local\Programs\Python\Python36\lib\site-packages\win32
  C:\Users\DCTRACK\AppData\Local\Programs\Python\Python36\lib\site-packages\win32\lib
  C:\Users\DCTRACK\AppData\Local\Programs\Python\Python36\lib\site-packages\Pythonwin</msg>
</errors>
</robot>
